<?xml version="1.0" encoding="UTF-8"?>
<coverage generated="1750784020089" clover="3.2.0">
  <project timestamp="1750784020089" name="All files">
    <metrics statements="298" coveredstatements="225" conditionals="198" coveredconditionals="150" methods="54" coveredmethods="42" elements="550" coveredelements="417" complexity="0" loc="298" ncloc="298" packages="1" files="7" classes="7"/>
    <file name="config.ts" path="/Users/carlos/ad_v2/adivinadrone/src/lib/config.ts">
      <metrics statements="5" coveredstatements="0" conditionals="0" coveredconditionals="0" methods="0" coveredmethods="0"/>
      <line num="2" count="0" type="stmt"/>
      <line num="7" count="0" type="stmt"/>
      <line num="27" count="0" type="stmt"/>
      <line num="84" count="0" type="stmt"/>
      <line num="100" count="0" type="stmt"/>
    </file>
    <file name="contracts.ts" path="/Users/carlos/ad_v2/adivinadrone/src/lib/contracts.ts">
      <metrics statements="4" coveredstatements="0" conditionals="0" coveredconditionals="0" methods="0" coveredmethods="0"/>
      <line num="1" count="0" type="stmt"/>
      <line num="3" count="0" type="stmt"/>
      <line num="4" count="0" type="stmt"/>
      <line num="6" count="0" type="stmt"/>
    </file>
    <file name="database.ts" path="/Users/carlos/ad_v2/adivinadrone/src/lib/database.ts">
      <metrics statements="87" coveredstatements="62" conditionals="53" coveredconditionals="32" methods="29" coveredmethods="19"/>
      <line num="1" count="1" type="stmt"/>
      <line num="7" count="1" type="stmt"/>
      <line num="9" count="1" type="stmt"/>
      <line num="12" count="1" type="stmt"/>
      <line num="14" count="2" type="stmt"/>
      <line num="18" count="2" type="cond" truecount="2" falsecount="0"/>
      <line num="22" count="1" type="stmt"/>
      <line num="32" count="1" type="stmt"/>
      <line num="37" count="0" type="cond" truecount="0" falsecount="2"/>
      <line num="38" count="0" type="stmt"/>
      <line num="44" count="0" type="cond" truecount="0" falsecount="2"/>
      <line num="47" count="0" type="cond" truecount="0" falsecount="2"/>
      <line num="48" count="0" type="stmt"/>
      <line num="54" count="0" type="cond" truecount="0" falsecount="2"/>
      <line num="57" count="0" type="cond" truecount="0" falsecount="2"/>
      <line num="58" count="0" type="stmt"/>
      <line num="64" count="0" type="cond" truecount="0" falsecount="2"/>
      <line num="67" count="0" type="stmt"/>
      <line num="71" count="1" type="stmt"/>
      <line num="80" count="1" type="stmt"/>
      <line num="85" count="1" type="stmt"/>
      <line num="87" count="2" type="stmt"/>
      <line num="91" count="2" type="cond" truecount="2" falsecount="0"/>
      <line num="95" count="1" type="stmt"/>
      <line num="101" count="1" type="cond" truecount="1" falsecount="1"/>
      <line num="105" count="2" type="cond" truecount="2" falsecount="0"/>
      <line num="107" count="2" type="stmt"/>
      <line num="124" count="2" type="stmt"/>
      <line num="128" count="0" type="stmt"/>
      <line num="133" count="0" type="stmt"/>
      <line num="138" count="1" type="stmt"/>
      <line num="144" count="2" type="stmt"/>
      <line num="166" count="2" type="stmt"/>
      <line num="173" count="1" type="stmt"/>
      <line num="176" count="1" type="cond" truecount="1" falsecount="1"/>
      <line num="180" count="1" type="stmt"/>
      <line num="183" count="1" type="stmt"/>
      <line num="188" count="1" type="stmt"/>
      <line num="190" count="1" type="stmt"/>
      <line num="200" count="1" type="stmt"/>
      <line num="204" count="1" type="stmt"/>
      <line num="211" count="1" type="stmt"/>
      <line num="215" count="2" type="stmt"/>
      <line num="236" count="2" type="cond" truecount="2" falsecount="0"/>
      <line num="237" count="2" type="stmt"/>
      <line num="246" count="1" type="stmt"/>
      <line num="248" count="1" type="stmt"/>
      <line num="257" count="1" type="stmt"/>
      <line num="261" count="1" type="stmt"/>
      <line num="272" count="1" type="stmt"/>
      <line num="276" count="2" type="stmt"/>
      <line num="281" count="2" type="cond" truecount="6" falsecount="0"/>
      <line num="286" count="1" type="stmt"/>
      <line num="288" count="0" type="stmt"/>
      <line num="296" count="0" type="stmt"/>
      <line num="301" count="0" type="stmt"/>
      <line num="306" count="1" type="stmt"/>
      <line num="308" count="0" type="stmt"/>
      <line num="313" count="0" type="stmt"/>
      <line num="317" count="0" type="stmt"/>
      <line num="323" count="0" type="stmt"/>
      <line num="327" count="0" type="stmt"/>
      <line num="336" count="1" type="stmt"/>
      <line num="338" count="0" type="stmt"/>
      <line num="343" count="0" type="stmt"/>
      <line num="347" count="0" type="stmt"/>
      <line num="354" count="0" type="stmt"/>
      <line num="358" count="0" type="stmt"/>
      <line num="363" count="1" type="stmt"/>
      <line num="370" count="3" type="stmt"/>
      <line num="371" count="3" type="cond" truecount="2" falsecount="0"/>
      <line num="373" count="3" type="cond" truecount="2" falsecount="0"/>
      <line num="374" count="1" type="stmt"/>
      <line num="384" count="2" type="stmt"/>
      <line num="388" count="3" type="cond" truecount="2" falsecount="0"/>
      <line num="389" count="2" type="stmt"/>
      <line num="404" count="2" type="stmt"/>
      <line num="405" count="2" type="cond" truecount="2" falsecount="0"/>
      <line num="406" count="1" type="stmt"/>
      <line num="409" count="1" type="stmt"/>
      <line num="410" count="1" type="stmt"/>
      <line num="411" count="1" type="stmt"/>
      <line num="414" count="1" type="stmt"/>
      <line num="417" count="1" type="stmt"/>
      <line num="427" count="1" type="cond" truecount="3" falsecount="1"/>
      <line num="428" count="1" type="stmt"/>
      <line num="431" count="1" type="stmt"/>
    </file>
    <file name="db.ts" path="/Users/carlos/ad_v2/adivinadrone/src/lib/db.ts">
      <metrics statements="3" coveredstatements="0" conditionals="0" coveredconditionals="0" methods="0" coveredmethods="0"/>
      <line num="1" count="0" type="stmt"/>
      <line num="3" count="0" type="stmt"/>
      <line num="5" count="0" type="stmt"/>
    </file>
    <file name="og-utils.ts" path="/Users/carlos/ad_v2/adivinadrone/src/lib/og-utils.ts">
      <metrics statements="14" coveredstatements="0" conditionals="6" coveredconditionals="0" methods="2" coveredmethods="0"/>
      <line num="1" count="0" type="stmt"/>
      <line num="2" count="0" type="stmt"/>
      <line num="5" count="0" type="stmt"/>
      <line num="6" count="0" type="stmt"/>
      <line num="10" count="0" type="cond" truecount="0" falsecount="2"/>
      <line num="11" count="0" type="stmt"/>
      <line num="12" count="0" type="cond" truecount="0" falsecount="2"/>
      <line num="13" count="0" type="stmt"/>
      <line num="17" count="0" type="stmt"/>
      <line num="20" count="0" type="stmt"/>
      <line num="21" count="0" type="stmt"/>
      <line num="23" count="0" type="cond" truecount="0" falsecount="2"/>
      <line num="24" count="0" type="stmt"/>
      <line num="27" count="0" type="stmt"/>
    </file>
    <file name="types.ts" path="/Users/carlos/ad_v2/adivinadrone/src/lib/types.ts">
      <metrics statements="14" coveredstatements="14" conditionals="4" coveredconditionals="4" methods="2" coveredmethods="2"/>
      <line num="139" count="3" type="cond" truecount="2" falsecount="0"/>
      <line num="140" count="3" type="stmt"/>
      <line num="141" count="3" type="stmt"/>
      <line num="142" count="3" type="stmt"/>
      <line num="143" count="3" type="stmt"/>
      <line num="144" count="3" type="stmt"/>
      <line num="145" count="3" type="stmt"/>
      <line num="146" count="3" type="stmt"/>
      <line num="149" count="3" type="cond" truecount="2" falsecount="0"/>
      <line num="150" count="3" type="stmt"/>
      <line num="151" count="3" type="stmt"/>
      <line num="152" count="3" type="stmt"/>
      <line num="153" count="3" type="stmt"/>
      <line num="154" count="3" type="stmt"/>
    </file>
    <file name="validations.ts" path="/Users/carlos/ad_v2/adivinadrone/src/lib/validations.ts">
      <metrics statements="171" coveredstatements="149" conditionals="135" coveredconditionals="114" methods="21" coveredmethods="21"/>
      <line num="2" count="2" type="stmt"/>
      <line num="6" count="52" type="stmt"/>
      <line num="13" count="2" type="stmt"/>
      <line num="14" count="8" type="stmt"/>
      <line num="16" count="8" type="cond" truecount="2" falsecount="0"/>
      <line num="17" count="2" type="stmt"/>
      <line num="20" count="8" type="cond" truecount="3" falsecount="1"/>
      <line num="21" count="0" type="stmt"/>
      <line num="24" count="8" type="cond" truecount="4" falsecount="0"/>
      <line num="25" count="1" type="stmt"/>
      <line num="28" count="8" type="stmt"/>
      <line num="31" count="2" type="stmt"/>
      <line num="32" count="6" type="stmt"/>
      <line num="34" count="6" type="cond" truecount="2" falsecount="0"/>
      <line num="35" count="5" type="cond" truecount="1" falsecount="1"/>
      <line num="36" count="0" type="stmt"/>
      <line num="39" count="5" type="cond" truecount="4" falsecount="0"/>
      <line num="40" count="1" type="stmt"/>
      <line num="43" count="5" type="cond" truecount="4" falsecount="0"/>
      <line num="44" count="1" type="stmt"/>
      <line num="48" count="6" type="stmt"/>
      <line num="52" count="2" type="stmt"/>
      <line num="53" count="6" type="stmt"/>
      <line num="55" count="6" type="cond" truecount="2" falsecount="0"/>
      <line num="56" count="1" type="stmt"/>
      <line num="57" count="1" type="stmt"/>
      <line num="61" count="5" type="stmt"/>
      <line num="62" count="5" type="cond" truecount="2" falsecount="0"/>
      <line num="63" count="2" type="stmt"/>
      <line num="69" count="5" type="stmt"/>
      <line num="72" count="2" type="stmt"/>
      <line num="73" count="3" type="stmt"/>
      <line num="75" count="3" type="cond" truecount="1" falsecount="1"/>
      <line num="76" count="0" type="stmt"/>
      <line num="79" count="3" type="cond" truecount="1" falsecount="1"/>
      <line num="80" count="0" type="stmt"/>
      <line num="83" count="3" type="cond" truecount="5" falsecount="0"/>
      <line num="84" count="1" type="stmt"/>
      <line num="91" count="3" type="stmt"/>
      <line num="92" count="3" type="stmt"/>
      <line num="93" count="3" type="stmt"/>
      <line num="95" count="3" type="cond" truecount="4" falsecount="0"/>
      <line num="96" count="1" type="stmt"/>
      <line num="102" count="3" type="cond" truecount="3" falsecount="1"/>
      <line num="103" count="0" type="stmt"/>
      <line num="109" count="3" type="stmt"/>
      <line num="113" count="2" type="stmt"/>
      <line num="114" count="3" type="stmt"/>
      <line num="116" count="3" type="cond" truecount="2" falsecount="0"/>
      <line num="117" count="1" type="stmt"/>
      <line num="118" count="1" type="stmt"/>
      <line num="121" count="2" type="cond" truecount="2" falsecount="0"/>
      <line num="122" count="1" type="stmt"/>
      <line num="128" count="2" type="stmt"/>
      <line num="131" count="2" type="stmt"/>
      <line num="132" count="3" type="stmt"/>
      <line num="134" count="3" type="cond" truecount="1" falsecount="1"/>
      <line num="135" count="0" type="stmt"/>
      <line num="136" count="0" type="stmt"/>
      <line num="139" count="3" type="cond" truecount="2" falsecount="0"/>
      <line num="140" count="1" type="stmt"/>
      <line num="143" count="3" type="cond" truecount="2" falsecount="0"/>
      <line num="144" count="1" type="stmt"/>
      <line num="150" count="3" type="stmt"/>
      <line num="153" count="2" type="stmt"/>
      <line num="154" count="4" type="stmt"/>
      <line num="156" count="4" type="cond" truecount="1" falsecount="1"/>
      <line num="157" count="0" type="stmt"/>
      <line num="158" count="0" type="stmt"/>
      <line num="161" count="4" type="cond" truecount="2" falsecount="0"/>
      <line num="162" count="2" type="stmt"/>
      <line num="165" count="4" type="cond" truecount="1" falsecount="1"/>
      <line num="166" count="0" type="stmt"/>
      <line num="172" count="4" type="stmt"/>
      <line num="175" count="2" type="stmt"/>
      <line num="176" count="3" type="stmt"/>
      <line num="178" count="3" type="cond" truecount="1" falsecount="1"/>
      <line num="179" count="0" type="stmt"/>
      <line num="180" count="0" type="stmt"/>
      <line num="183" count="3" type="cond" truecount="2" falsecount="0"/>
      <line num="184" count="1" type="stmt"/>
      <line num="188" count="3" type="stmt"/>
      <line num="189" count="3" type="cond" truecount="2" falsecount="0"/>
      <line num="190" count="1" type="stmt"/>
      <line num="196" count="3" type="stmt"/>
      <line num="200" count="2" type="stmt"/>
      <line num="201" count="3" type="stmt"/>
      <line num="203" count="3" type="cond" truecount="1" falsecount="1"/>
      <line num="204" count="0" type="stmt"/>
      <line num="205" count="0" type="stmt"/>
      <line num="208" count="3" type="cond" truecount="1" falsecount="1"/>
      <line num="209" count="0" type="stmt"/>
      <line num="212" count="3" type="cond" truecount="2" falsecount="0"/>
      <line num="213" count="1" type="stmt"/>
      <line num="216" count="3" type="cond" truecount="2" falsecount="0"/>
      <line num="217" count="1" type="stmt"/>
      <line num="220" count="3" type="stmt"/>
      <line num="223" count="2" type="stmt"/>
      <line num="224" count="3" type="stmt"/>
      <line num="226" count="3" type="stmt"/>
      <line num="229" count="3" type="stmt"/>
      <line num="230" count="9" type="cond" truecount="3" falsecount="1"/>
      <line num="231" count="0" type="stmt"/>
      <line num="239" count="3" type="cond" truecount="4" falsecount="0"/>
      <line num="240" count="1" type="stmt"/>
      <line num="247" count="9" type="cond" truecount="2" falsecount="0"/>
      <line num="248" count="9" type="cond" truecount="4" falsecount="0"/>
      <line num="249" count="1" type="stmt"/>
      <line num="255" count="3" type="stmt"/>
      <line num="259" count="2" type="stmt"/>
      <line num="260" count="3" type="stmt"/>
      <line num="262" count="3" type="cond" truecount="2" falsecount="0"/>
      <line num="263" count="1" type="stmt"/>
      <line num="264" count="1" type="stmt"/>
      <line num="267" count="2" type="cond" truecount="1" falsecount="1"/>
      <line num="268" count="0" type="stmt"/>
      <line num="269" count="0" type="stmt"/>
      <line num="273" count="2" type="stmt"/>
      <line num="274" count="2" type="cond" truecount="2" falsecount="0"/>
      <line num="275" count="1" type="stmt"/>
      <line num="281" count="2" type="stmt"/>
      <line num="285" count="2" type="stmt"/>
      <line num="286" count="3" type="stmt"/>
      <line num="288" count="3" type="cond" truecount="1" falsecount="1"/>
      <line num="289" count="3" type="cond" truecount="3" falsecount="1"/>
      <line num="290" count="0" type="stmt"/>
      <line num="291" count="3" type="cond" truecount="1" falsecount="1"/>
      <line num="292" count="0" type="stmt"/>
      <line num="293" count="3" type="cond" truecount="2" falsecount="0"/>
      <line num="294" count="1" type="stmt"/>
      <line num="298" count="3" type="cond" truecount="1" falsecount="1"/>
      <line num="299" count="3" type="cond" truecount="3" falsecount="1"/>
      <line num="300" count="0" type="stmt"/>
      <line num="301" count="3" type="cond" truecount="2" falsecount="0"/>
      <line num="302" count="1" type="stmt"/>
      <line num="306" count="3" type="stmt"/>
      <line num="310" count="2" type="stmt"/>
      <line num="311" count="2" type="stmt"/>
      <line num="314" count="2" type="stmt"/>
      <line num="315" count="2" type="stmt"/>
      <line num="318" count="2" type="cond" truecount="2" falsecount="0"/>
      <line num="319" count="1" type="stmt"/>
      <line num="320" count="1" type="stmt"/>
      <line num="324" count="2" type="cond" truecount="2" falsecount="0"/>
      <line num="325" count="1" type="stmt"/>
      <line num="326" count="1" type="stmt"/>
      <line num="330" count="2" type="cond" truecount="3" falsecount="1"/>
      <line num="331" count="0" type="stmt"/>
      <line num="334" count="2" type="stmt"/>
      <line num="337" count="2" type="stmt"/>
      <line num="344" count="2" type="stmt"/>
      <line num="347" count="2" type="stmt"/>
      <line num="348" count="2" type="stmt"/>
      <line num="351" count="2" type="cond" truecount="5" falsecount="0"/>
      <line num="352" count="1" type="stmt"/>
      <line num="356" count="2" type="stmt"/>
      <line num="357" count="2" type="stmt"/>
      <line num="360" count="2" type="cond" truecount="5" falsecount="0"/>
      <line num="361" count="1" type="stmt"/>
      <line num="365" count="2" type="stmt"/>
      <line num="366" count="2" type="stmt"/>
      <line num="368" count="2" type="stmt"/>
      <line num="372" count="2" type="stmt"/>
      <line num="373" count="6" type="cond" truecount="1" falsecount="1"/>
      <line num="374" count="6" type="stmt"/>
      <line num="377" count="2" type="stmt"/>
      <line num="378" count="2" type="cond" truecount="1" falsecount="1"/>
      <line num="379" count="2" type="stmt"/>
      <line num="380" count="2" type="cond" truecount="2" falsecount="0"/>
      <line num="383" count="2" type="stmt"/>
      <line num="384" count="1" type="stmt"/>
    </file>
  </project>
</coverage>
