{"/Users/carlos/ad_v2/adivinadrone/src/lib/config.ts": {"path":"/Users/carlos/ad_v2/adivinadrone/src/lib/config.ts","statementMap":{"0":{"start":{"line":2,"column":0},"end":{"line":2,"column":35}},"1":{"start":{"line":7,"column":13},"end":{"line":22,"column":11}},"2":{"start":{"line":27,"column":13},"end":{"line":79,"column":11}},"3":{"start":{"line":84,"column":13},"end":{"line":95,"column":11}},"4":{"start":{"line":100,"column":13},"end":{"line":104,"column":11}}},"fnMap":{},"branchMap":{},"s":{"0":0,"1":0,"2":0,"3":0,"4":0},"f":{},"b":{}}
,"/Users/carlos/ad_v2/adivinadrone/src/lib/contracts.ts": {"path":"/Users/carlos/ad_v2/adivinadrone/src/lib/contracts.ts","statementMap":{"0":{"start":{"line":1,"column":0},"end":{"line":1,"column":44}},"1":{"start":{"line":3,"column":13},"end":{"line":3,"column":83}},"2":{"start":{"line":4,"column":13},"end":{"line":4,"column":51}},"3":{"start":{"line":6,"column":13},"end":{"line":11,"column":11}}},"fnMap":{},"branchMap":{},"s":{"0":0,"1":0,"2":0,"3":0},"f":{},"b":{}}
,"/Users/carlos/ad_v2/adivinadrone/src/lib/database.ts": {"path":"/Users/carlos/ad_v2/adivinadrone/src/lib/database.ts","statementMap":{"0":{"start":{"line":1,"column":0},"end":{"line":1,"column":48}},"1":{"start":{"line":7,"column":0},"end":{"line":7,"column":37}},"2":{"start":{"line":9,"column":12},"end":{"line":9,"column":43}},"3":{"start":{"line":14,"column":19},"end":{"line":17,"column":6}},"4":{"start":{"line":18,"column":4},"end":{"line":18,"column":39}},"5":{"start":{"line":22,"column":19},"end":{"line":31,"column":6}},"6":{"start":{"line":32,"column":4},"end":{"line":32,"column":29}},"7":{"start":{"line":37,"column":4},"end":{"line":45,"column":5}},"8":{"start":{"line":38,"column":21},"end":{"line":43,"column":8}},"9":{"start":{"line":44,"column":6},"end":{"line":44,"column":41}},"10":{"start":{"line":47,"column":4},"end":{"line":55,"column":5}},"11":{"start":{"line":48,"column":21},"end":{"line":53,"column":8}},"12":{"start":{"line":54,"column":6},"end":{"line":54,"column":41}},"13":{"start":{"line":57,"column":4},"end":{"line":65,"column":5}},"14":{"start":{"line":58,"column":21},"end":{"line":63,"column":8}},"15":{"start":{"line":64,"column":6},"end":{"line":64,"column":41}},"16":{"start":{"line":67,"column":4},"end":{"line":67,"column":16}},"17":{"start":{"line":71,"column":19},"end":{"line":79,"column":6}},"18":{"start":{"line":80,"column":4},"end":{"line":80,"column":29}},"19":{"start":{"line":12,"column":0},"end":{"line":12,"column":13}},"20":{"start":{"line":87,"column":19},"end":{"line":90,"column":6}},"21":{"start":{"line":91,"column":4},"end":{"line":91,"column":41}},"22":{"start":{"line":95,"column":19},"end":{"line":100,"column":6}},"23":{"start":{"line":101,"column":4},"end":{"line":101,"column":41}},"24":{"start":{"line":105,"column":39},"end":{"line":105,"column":46}},"25":{"start":{"line":107,"column":19},"end":{"line":122,"column":6}},"26":{"start":{"line":124,"column":4},"end":{"line":124,"column":30}},"27":{"start":{"line":128,"column":19},"end":{"line":132,"column":6}},"28":{"start":{"line":133,"column":4},"end":{"line":133,"column":31}},"29":{"start":{"line":85,"column":0},"end":{"line":85,"column":13}},"30":{"start":{"line":144,"column":19},"end":{"line":163,"column":6}},"31":{"start":{"line":166,"column":4},"end":{"line":169,"column":19}},"32":{"start":{"line":166,"column":40},"end":{"line":168,"column":null}},"33":{"start":{"line":173,"column":19},"end":{"line":175,"column":6}},"34":{"start":{"line":176,"column":4},"end":{"line":176,"column":40}},"35":{"start":{"line":180,"column":19},"end":{"line":182,"column":6}},"36":{"start":{"line":183,"column":4},"end":{"line":183,"column":46}},"37":{"start":{"line":138,"column":0},"end":{"line":138,"column":13}},"38":{"start":{"line":190,"column":19},"end":{"line":199,"column":6}},"39":{"start":{"line":200,"column":4},"end":{"line":200,"column":37}},"40":{"start":{"line":204,"column":19},"end":{"line":210,"column":6}},"41":{"start":{"line":211,"column":4},"end":{"line":211,"column":46}},"42":{"start":{"line":215,"column":19},"end":{"line":234,"column":6}},"43":{"start":{"line":236,"column":19},"end":{"line":236,"column":97}},"44":{"start":{"line":237,"column":4},"end":{"line":241,"column":6}},"45":{"start":{"line":188,"column":0},"end":{"line":188,"column":13}},"46":{"start":{"line":248,"column":19},"end":{"line":256,"column":6}},"47":{"start":{"line":257,"column":4},"end":{"line":257,"column":37}},"48":{"start":{"line":261,"column":19},"end":{"line":271,"column":6}},"49":{"start":{"line":272,"column":4},"end":{"line":272,"column":40}},"50":{"start":{"line":276,"column":19},"end":{"line":280,"column":6}},"51":{"start":{"line":281,"column":4},"end":{"line":281,"column":58}},"52":{"start":{"line":246,"column":0},"end":{"line":246,"column":13}},"53":{"start":{"line":288,"column":4},"end":{"line":292,"column":6}},"54":{"start":{"line":296,"column":19},"end":{"line":300,"column":6}},"55":{"start":{"line":301,"column":4},"end":{"line":301,"column":46}},"56":{"start":{"line":286,"column":0},"end":{"line":286,"column":13}},"57":{"start":{"line":308,"column":19},"end":{"line":312,"column":6}},"58":{"start":{"line":313,"column":4},"end":{"line":313,"column":34}},"59":{"start":{"line":317,"column":19},"end":{"line":322,"column":6}},"60":{"start":{"line":323,"column":4},"end":{"line":323,"column":50}},"61":{"start":{"line":327,"column":4},"end":{"line":331,"column":6}},"62":{"start":{"line":306,"column":0},"end":{"line":306,"column":13}},"63":{"start":{"line":338,"column":19},"end":{"line":342,"column":6}},"64":{"start":{"line":343,"column":4},"end":{"line":343,"column":30}},"65":{"start":{"line":347,"column":19},"end":{"line":353,"column":6}},"66":{"start":{"line":354,"column":4},"end":{"line":354,"column":50}},"67":{"start":{"line":358,"column":4},"end":{"line":358,"column":86}},"68":{"start":{"line":336,"column":0},"end":{"line":336,"column":13}},"69":{"start":{"line":370,"column":27},"end":{"line":370,"column":74}},"70":{"start":{"line":371,"column":21},"end":{"line":371,"column":107}},"71":{"start":{"line":373,"column":4},"end":{"line":382,"column":5}},"72":{"start":{"line":374,"column":6},"end":{"line":381,"column":8}},"73":{"start":{"line":384,"column":4},"end":{"line":384,"column":29}},"74":{"start":{"line":388,"column":4},"end":{"line":388,"column":29}},"75":{"start":{"line":388,"column":20},"end":{"line":388,"column":29}},"76":{"start":{"line":389,"column":4},"end":{"line":389,"column":51}},"77":{"start":{"line":404,"column":18},"end":{"line":404,"column":54}},"78":{"start":{"line":405,"column":4},"end":{"line":407,"column":5}},"79":{"start":{"line":406,"column":6},"end":{"line":406,"column":41}},"80":{"start":{"line":409,"column":22},"end":{"line":409,"column":53}},"81":{"start":{"line":410,"column":25},"end":{"line":410,"column":62}},"82":{"start":{"line":411,"column":25},"end":{"line":411,"column":73}},"83":{"start":{"line":414,"column":4},"end":{"line":414,"column":69}},"84":{"start":{"line":417,"column":4},"end":{"line":424,"column":7}},"85":{"start":{"line":427,"column":4},"end":{"line":429,"column":5}},"86":{"start":{"line":428,"column":6},"end":{"line":428,"column":71}},"87":{"start":{"line":431,"column":4},"end":{"line":435,"column":6}},"88":{"start":{"line":363,"column":0},"end":{"line":363,"column":13}}},"fnMap":{"0":{"name":"(anonymous_0)","decl":{"start":{"line":13,"column":2},"end":{"line":13,"column":8}},"loc":{"start":{"line":13,"column":53},"end":{"line":19,"column":3}}},"1":{"name":"(anonymous_1)","decl":{"start":{"line":21,"column":2},"end":{"line":21,"column":8}},"loc":{"start":{"line":21,"column":50},"end":{"line":33,"column":3}}},"2":{"name":"(anonymous_2)","decl":{"start":{"line":35,"column":2},"end":{"line":35,"column":8}},"loc":{"start":{"line":35,"column":58},"end":{"line":68,"column":3}}},"3":{"name":"(anonymous_3)","decl":{"start":{"line":70,"column":2},"end":{"line":70,"column":8}},"loc":{"start":{"line":70,"column":73},"end":{"line":81,"column":3}}},"4":{"name":"(anonymous_4)","decl":{"start":{"line":86,"column":2},"end":{"line":86,"column":8}},"loc":{"start":{"line":86,"column":38},"end":{"line":92,"column":3}}},"5":{"name":"(anonymous_5)","decl":{"start":{"line":94,"column":2},"end":{"line":94,"column":8}},"loc":{"start":{"line":94,"column":31},"end":{"line":102,"column":3}}},"6":{"name":"(anonymous_6)","decl":{"start":{"line":104,"column":2},"end":{"line":104,"column":8}},"loc":{"start":{"line":104,"column":48},"end":{"line":125,"column":3}}},"7":{"name":"(anonymous_7)","decl":{"start":{"line":127,"column":2},"end":{"line":127,"column":8}},"loc":{"start":{"line":127,"column":44},"end":{"line":134,"column":3}}},"8":{"name":"(anonymous_8)","decl":{"start":{"line":139,"column":2},"end":{"line":139,"column":8}},"loc":{"start":{"line":142,"column":21},"end":{"line":170,"column":3}}},"9":{"name":"(anonymous_9)","decl":{"start":{"line":166,"column":33},"end":{"line":166,"column":36}},"loc":{"start":{"line":166,"column":40},"end":{"line":168,"column":null}}},"10":{"name":"(anonymous_10)","decl":{"start":{"line":172,"column":2},"end":{"line":172,"column":8}},"loc":{"start":{"line":172,"column":34},"end":{"line":177,"column":3}}},"11":{"name":"(anonymous_11)","decl":{"start":{"line":179,"column":2},"end":{"line":179,"column":8}},"loc":{"start":{"line":179,"column":48},"end":{"line":184,"column":3}}},"12":{"name":"(anonymous_12)","decl":{"start":{"line":189,"column":2},"end":{"line":189,"column":8}},"loc":{"start":{"line":189,"column":67},"end":{"line":201,"column":3}}},"13":{"name":"(anonymous_13)","decl":{"start":{"line":203,"column":2},"end":{"line":203,"column":8}},"loc":{"start":{"line":203,"column":68},"end":{"line":212,"column":3}}},"14":{"name":"(anonymous_14)","decl":{"start":{"line":214,"column":2},"end":{"line":214,"column":8}},"loc":{"start":{"line":214,"column":60},"end":{"line":242,"column":3}}},"15":{"name":"(anonymous_15)","decl":{"start":{"line":247,"column":2},"end":{"line":247,"column":8}},"loc":{"start":{"line":247,"column":70},"end":{"line":258,"column":3}}},"16":{"name":"(anonymous_16)","decl":{"start":{"line":260,"column":2},"end":{"line":260,"column":8}},"loc":{"start":{"line":260,"column":66},"end":{"line":273,"column":3}}},"17":{"name":"(anonymous_17)","decl":{"start":{"line":275,"column":2},"end":{"line":275,"column":8}},"loc":{"start":{"line":275,"column":60},"end":{"line":282,"column":3}}},"18":{"name":"(anonymous_18)","decl":{"start":{"line":287,"column":2},"end":{"line":287,"column":8}},"loc":{"start":{"line":287,"column":75},"end":{"line":293,"column":3}}},"19":{"name":"(anonymous_19)","decl":{"start":{"line":295,"column":2},"end":{"line":295,"column":8}},"loc":{"start":{"line":295,"column":60},"end":{"line":302,"column":3}}},"20":{"name":"(anonymous_20)","decl":{"start":{"line":307,"column":2},"end":{"line":307,"column":8}},"loc":{"start":{"line":307,"column":79},"end":{"line":314,"column":3}}},"21":{"name":"(anonymous_21)","decl":{"start":{"line":316,"column":2},"end":{"line":316,"column":8}},"loc":{"start":{"line":316,"column":47},"end":{"line":324,"column":3}}},"22":{"name":"(anonymous_22)","decl":{"start":{"line":326,"column":2},"end":{"line":326,"column":8}},"loc":{"start":{"line":326,"column":38},"end":{"line":332,"column":3}}},"23":{"name":"(anonymous_23)","decl":{"start":{"line":337,"column":2},"end":{"line":337,"column":8}},"loc":{"start":{"line":337,"column":54},"end":{"line":344,"column":3}}},"24":{"name":"(anonymous_24)","decl":{"start":{"line":346,"column":2},"end":{"line":346,"column":8}},"loc":{"start":{"line":346,"column":62},"end":{"line":355,"column":3}}},"25":{"name":"(anonymous_25)","decl":{"start":{"line":357,"column":2},"end":{"line":357,"column":8}},"loc":{"start":{"line":357,"column":61},"end":{"line":359,"column":3}}},"26":{"name":"(anonymous_26)","decl":{"start":{"line":364,"column":2},"end":{"line":364,"column":8}},"loc":{"start":{"line":364,"column":72},"end":{"line":385,"column":3}}},"27":{"name":"(anonymous_27)","decl":{"start":{"line":387,"column":2},"end":{"line":387,"column":8}},"loc":{"start":{"line":387,"column":61},"end":{"line":390,"column":3}}},"28":{"name":"(anonymous_28)","decl":{"start":{"line":392,"column":2},"end":{"line":392,"column":8}},"loc":{"start":{"line":397,"column":20},"end":{"line":436,"column":3}}}},"branchMap":{"0":{"loc":{"start":{"line":18,"column":12},"end":{"line":18,"column":38}},"type":"binary-expr","locations":[{"start":{"line":18,"column":12},"end":{"line":18,"column":30}},{"start":{"line":18,"column":34},"end":{"line":18,"column":38}}]},"1":{"loc":{"start":{"line":24,"column":38},"end":{"line":24,"column":59}},"type":"binary-expr","locations":[{"start":{"line":24,"column":38},"end":{"line":24,"column":51}},{"start":{"line":24,"column":55},"end":{"line":24,"column":59}}]},"2":{"loc":{"start":{"line":37,"column":4},"end":{"line":45,"column":5}},"type":"if","locations":[{"start":{"line":37,"column":4},"end":{"line":45,"column":5}},{"start":{},"end":{}}]},"3":{"loc":{"start":{"line":44,"column":14},"end":{"line":44,"column":40}},"type":"binary-expr","locations":[{"start":{"line":44,"column":14},"end":{"line":44,"column":32}},{"start":{"line":44,"column":36},"end":{"line":44,"column":40}}]},"4":{"loc":{"start":{"line":47,"column":4},"end":{"line":55,"column":5}},"type":"if","locations":[{"start":{"line":47,"column":4},"end":{"line":55,"column":5}},{"start":{},"end":{}}]},"5":{"loc":{"start":{"line":54,"column":14},"end":{"line":54,"column":40}},"type":"binary-expr","locations":[{"start":{"line":54,"column":14},"end":{"line":54,"column":32}},{"start":{"line":54,"column":36},"end":{"line":54,"column":40}}]},"6":{"loc":{"start":{"line":57,"column":4},"end":{"line":65,"column":5}},"type":"if","locations":[{"start":{"line":57,"column":4},"end":{"line":65,"column":5}},{"start":{},"end":{}}]},"7":{"loc":{"start":{"line":64,"column":14},"end":{"line":64,"column":40}},"type":"binary-expr","locations":[{"start":{"line":64,"column":14},"end":{"line":64,"column":32}},{"start":{"line":64,"column":36},"end":{"line":64,"column":40}}]},"8":{"loc":{"start":{"line":73,"column":33},"end":{"line":73,"column":49}},"type":"binary-expr","locations":[{"start":{"line":73,"column":33},"end":{"line":73,"column":41}},{"start":{"line":73,"column":45},"end":{"line":73,"column":49}}]},"9":{"loc":{"start":{"line":91,"column":12},"end":{"line":91,"column":40}},"type":"binary-expr","locations":[{"start":{"line":91,"column":12},"end":{"line":91,"column":32}},{"start":{"line":91,"column":36},"end":{"line":91,"column":40}}]},"10":{"loc":{"start":{"line":101,"column":12},"end":{"line":101,"column":40}},"type":"binary-expr","locations":[{"start":{"line":101,"column":12},"end":{"line":101,"column":32}},{"start":{"line":101,"column":36},"end":{"line":101,"column":40}}]},"11":{"loc":{"start":{"line":104,"column":22},"end":{"line":104,"column":48}},"type":"default-arg","locations":[{"start":{"line":104,"column":46},"end":{"line":104,"column":48}}]},"12":{"loc":{"start":{"line":105,"column":12},"end":{"line":105,"column":22}},"type":"default-arg","locations":[{"start":{"line":105,"column":20},"end":{"line":105,"column":22}}]},"13":{"loc":{"start":{"line":105,"column":24},"end":{"line":105,"column":34}},"type":"default-arg","locations":[{"start":{"line":105,"column":33},"end":{"line":105,"column":34}}]},"14":{"loc":{"start":{"line":142,"column":4},"end":{"line":142,"column":21}},"type":"default-arg","locations":[{"start":{"line":142,"column":20},"end":{"line":142,"column":21}}]},"15":{"loc":{"start":{"line":176,"column":12},"end":{"line":176,"column":39}},"type":"binary-expr","locations":[{"start":{"line":176,"column":12},"end":{"line":176,"column":31}},{"start":{"line":176,"column":35},"end":{"line":176,"column":39}}]},"16":{"loc":{"start":{"line":203,"column":45},"end":{"line":203,"column":68}},"type":"default-arg","locations":[{"start":{"line":203,"column":58},"end":{"line":203,"column":68}}]},"17":{"loc":{"start":{"line":236,"column":19},"end":{"line":236,"column":97}},"type":"binary-expr","locations":[{"start":{"line":236,"column":19},"end":{"line":236,"column":36}},{"start":{"line":236,"column":40},"end":{"line":236,"column":97}}]},"18":{"loc":{"start":{"line":260,"column":48},"end":{"line":260,"column":66}},"type":"default-arg","locations":[{"start":{"line":260,"column":64},"end":{"line":260,"column":66}}]},"19":{"loc":{"start":{"line":281,"column":20},"end":{"line":281,"column":56}},"type":"binary-expr","locations":[{"start":{"line":281,"column":20},"end":{"line":281,"column":51}},{"start":{"line":281,"column":55},"end":{"line":281,"column":56}}]},"20":{"loc":{"start":{"line":281,"column":20},"end":{"line":281,"column":51}},"type":"cond-expr","locations":[{"start":{"line":281,"column":38},"end":{"line":281,"column":40}},{"start":{"line":281,"column":38},"end":{"line":281,"column":51}}]},"21":{"loc":{"start":{"line":281,"column":20},"end":{"line":281,"column":40}},"type":"binary-expr","locations":[{"start":{"line":281,"column":20},"end":{"line":281,"column":40}},{"start":{"line":281,"column":38},"end":{"line":281,"column":40}}]},"22":{"loc":{"start":{"line":364,"column":43},"end":{"line":364,"column":72}},"type":"default-arg","locations":[{"start":{"line":364,"column":67},"end":{"line":364,"column":72}}]},"23":{"loc":{"start":{"line":371,"column":21},"end":{"line":371,"column":107}},"type":"cond-expr","locations":[{"start":{"line":371,"column":36},"end":{"line":371,"column":78}},{"start":{"line":371,"column":81},"end":{"line":371,"column":107}}]},"24":{"loc":{"start":{"line":373,"column":4},"end":{"line":382,"column":5}},"type":"if","locations":[{"start":{"line":373,"column":4},"end":{"line":382,"column":5}},{"start":{},"end":{}}]},"25":{"loc":{"start":{"line":376,"column":16},"end":{"line":378,"column":92}},"type":"cond-expr","locations":[{"start":{"line":377,"column":12},"end":{"line":377,"column":92}},{"start":{"line":378,"column":12},"end":{"line":378,"column":92}}]},"26":{"loc":{"start":{"line":388,"column":4},"end":{"line":388,"column":29}},"type":"if","locations":[{"start":{"line":388,"column":4},"end":{"line":388,"column":29}},{"start":{},"end":{}}]},"27":{"loc":{"start":{"line":405,"column":4},"end":{"line":407,"column":5}},"type":"if","locations":[{"start":{"line":405,"column":4},"end":{"line":407,"column":5}},{"start":{},"end":{}}]},"28":{"loc":{"start":{"line":427,"column":4},"end":{"line":429,"column":5}},"type":"if","locations":[{"start":{"line":427,"column":4},"end":{"line":429,"column":5}},{"start":{},"end":{}}]},"29":{"loc":{"start":{"line":427,"column":8},"end":{"line":427,"column":37}},"type":"binary-expr","locations":[{"start":{"line":427,"column":8},"end":{"line":427,"column":17}},{"start":{"line":427,"column":21},"end":{"line":427,"column":37}}]}},"s":{"0":1,"1":1,"2":1,"3":2,"4":2,"5":1,"6":1,"7":0,"8":0,"9":0,"10":0,"11":0,"12":0,"13":0,"14":0,"15":0,"16":0,"17":1,"18":1,"19":1,"20":2,"21":2,"22":1,"23":1,"24":2,"25":2,"26":2,"27":0,"28":0,"29":1,"30":2,"31":2,"32":2,"33":1,"34":1,"35":1,"36":1,"37":1,"38":1,"39":1,"40":1,"41":1,"42":2,"43":2,"44":2,"45":1,"46":1,"47":1,"48":1,"49":1,"50":2,"51":2,"52":1,"53":0,"54":0,"55":0,"56":1,"57":0,"58":0,"59":0,"60":0,"61":0,"62":1,"63":0,"64":0,"65":0,"66":0,"67":0,"68":1,"69":3,"70":3,"71":3,"72":1,"73":2,"74":3,"75":1,"76":2,"77":2,"78":2,"79":1,"80":1,"81":1,"82":1,"83":1,"84":1,"85":1,"86":1,"87":1,"88":1},"f":{"0":2,"1":1,"2":0,"3":1,"4":2,"5":1,"6":2,"7":0,"8":2,"9":2,"10":1,"11":1,"12":1,"13":1,"14":2,"15":1,"16":1,"17":2,"18":0,"19":0,"20":0,"21":0,"22":0,"23":0,"24":0,"25":0,"26":3,"27":3,"28":2},"b":{"0":[2,1],"1":[1,0],"2":[0,0],"3":[0,0],"4":[0,0],"5":[0,0],"6":[0,0],"7":[0,0],"8":[1,0],"9":[2,1],"10":[1,0],"11":[1],"12":[1],"13":[1],"14":[0],"15":[1,0],"16":[1],"17":[2,1],"18":[0],"19":[2,1],"20":[1,1],"21":[2,2],"22":[0],"23":[1,2],"24":[1,2],"25":[0,1],"26":[1,2],"27":[1,1],"28":[1,0],"29":[1,1]}}
,"/Users/carlos/ad_v2/adivinadrone/src/lib/db.ts": {"path":"/Users/carlos/ad_v2/adivinadrone/src/lib/db.ts","statementMap":{"0":{"start":{"line":1,"column":0},"end":{"line":1,"column":48}},"1":{"start":{"line":3,"column":12},"end":{"line":3,"column":43}},"2":{"start":{"line":5,"column":0},"end":{"line":5,"column":19}}},"fnMap":{},"branchMap":{},"s":{"0":0,"1":0,"2":0},"f":{},"b":{}}
,"/Users/carlos/ad_v2/adivinadrone/src/lib/og-utils.ts": {"path":"/Users/carlos/ad_v2/adivinadrone/src/lib/og-utils.ts","statementMap":{"0":{"start":{"line":2,"column":16},"end":{"line":4,"column":7}},"1":{"start":{"line":5,"column":16},"end":{"line":5,"column":47}},"2":{"start":{"line":6,"column":21},"end":{"line":7,"column":null}},"3":{"start":{"line":10,"column":4},"end":{"line":15,"column":5}},"4":{"start":{"line":11,"column":23},"end":{"line":11,"column":47}},"5":{"start":{"line":12,"column":6},"end":{"line":14,"column":7}},"6":{"start":{"line":13,"column":8},"end":{"line":13,"column":44}},"7":{"start":{"line":17,"column":4},"end":{"line":17,"column":48}},"8":{"start":{"line":1,"column":0},"end":{"line":1,"column":7}},"9":{"start":{"line":21,"column":25},"end":{"line":21,"column":41}},"10":{"start":{"line":23,"column":4},"end":{"line":25,"column":5}},"11":{"start":{"line":24,"column":6},"end":{"line":24,"column":80}},"12":{"start":{"line":27,"column":4},"end":{"line":27,"column":44}},"13":{"start":{"line":20,"column":2},"end":{"line":20,"column":9}}},"fnMap":{"0":{"name":"loadGoogleFont","decl":{"start":{"line":1,"column":22},"end":{"line":1,"column":36}},"loc":{"start":{"line":1,"column":63},"end":{"line":18,"column":3}}},"1":{"name":"loadImage","decl":{"start":{"line":20,"column":24},"end":{"line":20,"column":33}},"loc":{"start":{"line":20,"column":45},"end":{"line":28,"column":3}}}},"branchMap":{"0":{"loc":{"start":{"line":10,"column":4},"end":{"line":15,"column":5}},"type":"if","locations":[{"start":{"line":10,"column":4},"end":{"line":15,"column":5}},{"start":{},"end":{}}]},"1":{"loc":{"start":{"line":12,"column":6},"end":{"line":14,"column":7}},"type":"if","locations":[{"start":{"line":12,"column":6},"end":{"line":14,"column":7}},{"start":{},"end":{}}]},"2":{"loc":{"start":{"line":23,"column":4},"end":{"line":25,"column":5}},"type":"if","locations":[{"start":{"line":23,"column":4},"end":{"line":25,"column":5}},{"start":{},"end":{}}]}},"s":{"0":0,"1":0,"2":0,"3":0,"4":0,"5":0,"6":0,"7":0,"8":0,"9":0,"10":0,"11":0,"12":0,"13":0},"f":{"0":0,"1":0},"b":{"0":[0,0],"1":[0,0],"2":[0,0]}}
,"/Users/carlos/ad_v2/adivinadrone/src/lib/types.ts": {"path":"/Users/carlos/ad_v2/adivinadrone/src/lib/types.ts","statementMap":{"0":{"start":{"line":139,"column":0},"end":{"line":139,"column":null}},"1":{"start":{"line":140,"column":2},"end":{"line":140,"column":null}},"2":{"start":{"line":141,"column":2},"end":{"line":141,"column":null}},"3":{"start":{"line":142,"column":2},"end":{"line":142,"column":null}},"4":{"start":{"line":143,"column":2},"end":{"line":143,"column":null}},"5":{"start":{"line":144,"column":2},"end":{"line":144,"column":null}},"6":{"start":{"line":145,"column":2},"end":{"line":145,"column":null}},"7":{"start":{"line":146,"column":2},"end":{"line":146,"column":null}},"8":{"start":{"line":149,"column":0},"end":{"line":149,"column":null}},"9":{"start":{"line":150,"column":2},"end":{"line":150,"column":null}},"10":{"start":{"line":151,"column":2},"end":{"line":151,"column":null}},"11":{"start":{"line":152,"column":2},"end":{"line":152,"column":null}},"12":{"start":{"line":153,"column":2},"end":{"line":153,"column":null}},"13":{"start":{"line":154,"column":2},"end":{"line":154,"column":null}}},"fnMap":{"0":{"name":"(anonymous_0)","decl":{"start":{"line":139,"column":0},"end":{"line":139,"column":12}},"loc":{"start":{"line":139,"column":22},"end":{"line":147,"column":1}}},"1":{"name":"(anonymous_1)","decl":{"start":{"line":149,"column":0},"end":{"line":149,"column":12}},"loc":{"start":{"line":149,"column":22},"end":{"line":155,"column":1}}}},"branchMap":{"0":{"loc":{"start":{"line":139,"column":12},"end":{"line":139,"column":null}},"type":"binary-expr","locations":[{"start":{"line":139,"column":12},"end":{"line":139,"column":22}},{"start":{"line":139,"column":22},"end":{"line":139,"column":null}}]},"1":{"loc":{"start":{"line":149,"column":12},"end":{"line":149,"column":null}},"type":"binary-expr","locations":[{"start":{"line":149,"column":12},"end":{"line":149,"column":22}},{"start":{"line":149,"column":22},"end":{"line":149,"column":null}}]}},"s":{"0":3,"1":3,"2":3,"3":3,"4":3,"5":3,"6":3,"7":3,"8":3,"9":3,"10":3,"11":3,"12":3,"13":3},"f":{"0":3,"1":3},"b":{"0":[3,3],"1":[3,3]}}
,"/Users/carlos/ad_v2/adivinadrone/src/lib/validations.ts": {"path":"/Users/carlos/ad_v2/adivinadrone/src/lib/validations.ts","statementMap":{"0":{"start":{"line":2,"column":0},"end":{"line":2,"column":49}},"1":{"start":{"line":6,"column":2},"end":{"line":9,"column":4}},"2":{"start":{"line":14,"column":36},"end":{"line":14,"column":38}},"3":{"start":{"line":16,"column":2},"end":{"line":18,"column":3}},"4":{"start":{"line":17,"column":4},"end":{"line":17,"column":80}},"5":{"start":{"line":20,"column":2},"end":{"line":22,"column":3}},"6":{"start":{"line":21,"column":4},"end":{"line":21,"column":85}},"7":{"start":{"line":24,"column":2},"end":{"line":26,"column":3}},"8":{"start":{"line":25,"column":4},"end":{"line":25,"column":84}},"9":{"start":{"line":28,"column":2},"end":{"line":28,"column":40}},"10":{"start":{"line":13,"column":0},"end":{"line":13,"column":16}},"11":{"start":{"line":32,"column":36},"end":{"line":32,"column":38}},"12":{"start":{"line":34,"column":2},"end":{"line":46,"column":3}},"13":{"start":{"line":35,"column":4},"end":{"line":37,"column":5}},"14":{"start":{"line":36,"column":6},"end":{"line":36,"column":79}},"15":{"start":{"line":39,"column":4},"end":{"line":41,"column":5}},"16":{"start":{"line":40,"column":6},"end":{"line":40,"column":90}},"17":{"start":{"line":43,"column":4},"end":{"line":45,"column":5}},"18":{"start":{"line":44,"column":6},"end":{"line":44,"column":90}},"19":{"start":{"line":48,"column":2},"end":{"line":48,"column":40}},"20":{"start":{"line":31,"column":0},"end":{"line":31,"column":16}},"21":{"start":{"line":53,"column":36},"end":{"line":53,"column":38}},"22":{"start":{"line":55,"column":2},"end":{"line":58,"column":3}},"23":{"start":{"line":56,"column":4},"end":{"line":56,"column":71}},"24":{"start":{"line":57,"column":4},"end":{"line":57,"column":42}},"25":{"start":{"line":61,"column":24},"end":{"line":61,"column":40}},"26":{"start":{"line":62,"column":2},"end":{"line":67,"column":3}},"27":{"start":{"line":63,"column":4},"end":{"line":66,"column":7}},"28":{"start":{"line":69,"column":2},"end":{"line":69,"column":40}},"29":{"start":{"line":52,"column":0},"end":{"line":52,"column":16}},"30":{"start":{"line":73,"column":36},"end":{"line":73,"column":38}},"31":{"start":{"line":75,"column":2},"end":{"line":77,"column":3}},"32":{"start":{"line":76,"column":4},"end":{"line":76,"column":76}},"33":{"start":{"line":79,"column":2},"end":{"line":81,"column":3}},"34":{"start":{"line":80,"column":4},"end":{"line":80,"column":72}},"35":{"start":{"line":83,"column":2},"end":{"line":88,"column":3}},"36":{"start":{"line":84,"column":4},"end":{"line":87,"column":7}},"37":{"start":{"line":91,"column":14},"end":{"line":91,"column":24}},"38":{"start":{"line":92,"column":21},"end":{"line":92,"column":83}},"39":{"start":{"line":93,"column":26},"end":{"line":93,"column":88}},"40":{"start":{"line":95,"column":2},"end":{"line":100,"column":3}},"41":{"start":{"line":96,"column":4},"end":{"line":99,"column":7}},"42":{"start":{"line":102,"column":2},"end":{"line":107,"column":3}},"43":{"start":{"line":103,"column":4},"end":{"line":106,"column":7}},"44":{"start":{"line":109,"column":2},"end":{"line":109,"column":40}},"45":{"start":{"line":72,"column":0},"end":{"line":72,"column":16}},"46":{"start":{"line":114,"column":36},"end":{"line":114,"column":38}},"47":{"start":{"line":116,"column":2},"end":{"line":119,"column":3}},"48":{"start":{"line":117,"column":4},"end":{"line":117,"column":68}},"49":{"start":{"line":118,"column":4},"end":{"line":118,"column":42}},"50":{"start":{"line":121,"column":2},"end":{"line":126,"column":3}},"51":{"start":{"line":122,"column":4},"end":{"line":125,"column":7}},"52":{"start":{"line":128,"column":2},"end":{"line":128,"column":40}},"53":{"start":{"line":113,"column":0},"end":{"line":113,"column":16}},"54":{"start":{"line":132,"column":36},"end":{"line":132,"column":38}},"55":{"start":{"line":134,"column":2},"end":{"line":137,"column":3}},"56":{"start":{"line":135,"column":4},"end":{"line":135,"column":87}},"57":{"start":{"line":136,"column":4},"end":{"line":136,"column":42}},"58":{"start":{"line":139,"column":2},"end":{"line":141,"column":3}},"59":{"start":{"line":140,"column":4},"end":{"line":140,"column":89}},"60":{"start":{"line":143,"column":2},"end":{"line":148,"column":3}},"61":{"start":{"line":144,"column":4},"end":{"line":147,"column":7}},"62":{"start":{"line":150,"column":2},"end":{"line":150,"column":40}},"63":{"start":{"line":131,"column":0},"end":{"line":131,"column":16}},"64":{"start":{"line":154,"column":36},"end":{"line":154,"column":38}},"65":{"start":{"line":156,"column":2},"end":{"line":159,"column":3}},"66":{"start":{"line":157,"column":4},"end":{"line":157,"column":78}},"67":{"start":{"line":158,"column":4},"end":{"line":158,"column":42}},"68":{"start":{"line":161,"column":2},"end":{"line":163,"column":3}},"69":{"start":{"line":162,"column":4},"end":{"line":162,"column":80}},"70":{"start":{"line":165,"column":2},"end":{"line":170,"column":3}},"71":{"start":{"line":166,"column":4},"end":{"line":169,"column":7}},"72":{"start":{"line":172,"column":2},"end":{"line":172,"column":40}},"73":{"start":{"line":153,"column":0},"end":{"line":153,"column":16}},"74":{"start":{"line":176,"column":36},"end":{"line":176,"column":38}},"75":{"start":{"line":178,"column":2},"end":{"line":181,"column":3}},"76":{"start":{"line":179,"column":4},"end":{"line":179,"column":73}},"77":{"start":{"line":180,"column":4},"end":{"line":180,"column":42}},"78":{"start":{"line":183,"column":2},"end":{"line":185,"column":3}},"79":{"start":{"line":184,"column":4},"end":{"line":184,"column":75}},"80":{"start":{"line":188,"column":20},"end":{"line":188,"column":77}},"81":{"start":{"line":189,"column":2},"end":{"line":194,"column":3}},"82":{"start":{"line":190,"column":4},"end":{"line":193,"column":7}},"83":{"start":{"line":196,"column":2},"end":{"line":196,"column":40}},"84":{"start":{"line":175,"column":0},"end":{"line":175,"column":16}},"85":{"start":{"line":201,"column":36},"end":{"line":201,"column":38}},"86":{"start":{"line":203,"column":2},"end":{"line":206,"column":3}},"87":{"start":{"line":204,"column":4},"end":{"line":204,"column":85}},"88":{"start":{"line":205,"column":4},"end":{"line":205,"column":42}},"89":{"start":{"line":208,"column":2},"end":{"line":210,"column":3}},"90":{"start":{"line":209,"column":4},"end":{"line":209,"column":87}},"91":{"start":{"line":212,"column":2},"end":{"line":214,"column":3}},"92":{"start":{"line":213,"column":4},"end":{"line":213,"column":85}},"93":{"start":{"line":216,"column":2},"end":{"line":218,"column":3}},"94":{"start":{"line":217,"column":4},"end":{"line":217,"column":86}},"95":{"start":{"line":220,"column":2},"end":{"line":220,"column":40}},"96":{"start":{"line":200,"column":0},"end":{"line":200,"column":16}},"97":{"start":{"line":224,"column":36},"end":{"line":224,"column":38}},"98":{"start":{"line":226,"column":18},"end":{"line":226,"column":45}},"99":{"start":{"line":229,"column":2},"end":{"line":236,"column":5}},"100":{"start":{"line":230,"column":4},"end":{"line":235,"column":5}},"101":{"start":{"line":231,"column":6},"end":{"line":234,"column":9}},"102":{"start":{"line":239,"column":2},"end":{"line":244,"column":3}},"103":{"start":{"line":240,"column":4},"end":{"line":243,"column":7}},"104":{"start":{"line":247,"column":24},"end":{"line":247,"column":84}},"105":{"start":{"line":247,"column":54},"end":{"line":247,"column":82}},"106":{"start":{"line":248,"column":2},"end":{"line":253,"column":3}},"107":{"start":{"line":248,"column":51},"end":{"line":248,"column":79}},"108":{"start":{"line":249,"column":4},"end":{"line":252,"column":7}},"109":{"start":{"line":255,"column":2},"end":{"line":255,"column":40}},"110":{"start":{"line":223,"column":0},"end":{"line":223,"column":16}},"111":{"start":{"line":260,"column":36},"end":{"line":260,"column":38}},"112":{"start":{"line":262,"column":2},"end":{"line":265,"column":3}},"113":{"start":{"line":263,"column":4},"end":{"line":263,"column":88}},"114":{"start":{"line":264,"column":4},"end":{"line":264,"column":42}},"115":{"start":{"line":267,"column":2},"end":{"line":270,"column":3}},"116":{"start":{"line":268,"column":4},"end":{"line":268,"column":93}},"117":{"start":{"line":269,"column":4},"end":{"line":269,"column":42}},"118":{"start":{"line":273,"column":23},"end":{"line":273,"column":44}},"119":{"start":{"line":274,"column":2},"end":{"line":279,"column":3}},"120":{"start":{"line":275,"column":4},"end":{"line":278,"column":7}},"121":{"start":{"line":281,"column":2},"end":{"line":281,"column":40}},"122":{"start":{"line":259,"column":0},"end":{"line":259,"column":16}},"123":{"start":{"line":286,"column":36},"end":{"line":286,"column":38}},"124":{"start":{"line":288,"column":2},"end":{"line":296,"column":3}},"125":{"start":{"line":289,"column":4},"end":{"line":295,"column":5}},"126":{"start":{"line":290,"column":6},"end":{"line":290,"column":75}},"127":{"start":{"line":291,"column":11},"end":{"line":295,"column":5}},"128":{"start":{"line":292,"column":6},"end":{"line":292,"column":75}},"129":{"start":{"line":293,"column":11},"end":{"line":295,"column":5}},"130":{"start":{"line":294,"column":6},"end":{"line":294,"column":74}},"131":{"start":{"line":298,"column":2},"end":{"line":304,"column":3}},"132":{"start":{"line":299,"column":4},"end":{"line":303,"column":5}},"133":{"start":{"line":300,"column":6},"end":{"line":300,"column":77}},"134":{"start":{"line":301,"column":11},"end":{"line":303,"column":5}},"135":{"start":{"line":302,"column":6},"end":{"line":302,"column":77}},"136":{"start":{"line":306,"column":2},"end":{"line":306,"column":40}},"137":{"start":{"line":285,"column":0},"end":{"line":285,"column":16}},"138":{"start":{"line":311,"column":36},"end":{"line":311,"column":38}},"139":{"start":{"line":314,"column":27},"end":{"line":314,"column":54}},"140":{"start":{"line":315,"column":2},"end":{"line":315,"column":42}},"141":{"start":{"line":318,"column":2},"end":{"line":321,"column":3}},"142":{"start":{"line":319,"column":31},"end":{"line":319,"column":57}},"143":{"start":{"line":320,"column":4},"end":{"line":320,"column":46}},"144":{"start":{"line":324,"column":2},"end":{"line":327,"column":3}},"145":{"start":{"line":325,"column":29},"end":{"line":325,"column":57}},"146":{"start":{"line":326,"column":4},"end":{"line":326,"column":44}},"147":{"start":{"line":330,"column":2},"end":{"line":332,"column":3}},"148":{"start":{"line":331,"column":4},"end":{"line":331,"column":86}},"149":{"start":{"line":334,"column":2},"end":{"line":334,"column":40}},"150":{"start":{"line":310,"column":0},"end":{"line":310,"column":16}},"151":{"start":{"line":344,"column":36},"end":{"line":344,"column":38}},"152":{"start":{"line":347,"column":27},"end":{"line":347,"column":54}},"153":{"start":{"line":348,"column":2},"end":{"line":348,"column":42}},"154":{"start":{"line":351,"column":2},"end":{"line":353,"column":3}},"155":{"start":{"line":352,"column":4},"end":{"line":352,"column":86}},"156":{"start":{"line":356,"column":27},"end":{"line":356,"column":55}},"157":{"start":{"line":357,"column":2},"end":{"line":357,"column":42}},"158":{"start":{"line":360,"column":2},"end":{"line":362,"column":3}},"159":{"start":{"line":361,"column":4},"end":{"line":361,"column":99}},"160":{"start":{"line":365,"column":29},"end":{"line":365,"column":55}},"161":{"start":{"line":366,"column":2},"end":{"line":366,"column":44}},"162":{"start":{"line":368,"column":2},"end":{"line":368,"column":40}},"163":{"start":{"line":337,"column":0},"end":{"line":337,"column":16}},"164":{"start":{"line":373,"column":2},"end":{"line":373,"column":43}},"165":{"start":{"line":373,"column":33},"end":{"line":373,"column":43}},"166":{"start":{"line":374,"column":2},"end":{"line":374,"column":43}},"167":{"start":{"line":372,"column":0},"end":{"line":372,"column":16}},"168":{"start":{"line":378,"column":2},"end":{"line":378,"column":34}},"169":{"start":{"line":378,"column":17},"end":{"line":378,"column":34}},"170":{"start":{"line":379,"column":20},"end":{"line":379,"column":44}},"171":{"start":{"line":380,"column":2},"end":{"line":380,"column":54}},"172":{"start":{"line":377,"column":0},"end":{"line":377,"column":16}},"173":{"start":{"line":384,"column":2},"end":{"line":384,"column":30}},"174":{"start":{"line":383,"column":0},"end":{"line":383,"column":16}}},"fnMap":{"0":{"name":"createValidationResult","decl":{"start":{"line":5,"column":9},"end":{"line":5,"column":31}},"loc":{"start":{"line":5,"column":57},"end":{"line":10,"column":1}}},"1":{"name":"validateFarcasterId","decl":{"start":{"line":13,"column":16},"end":{"line":13,"column":35}},"loc":{"start":{"line":13,"column":56},"end":{"line":29,"column":1}}},"2":{"name":"validateUsername","decl":{"start":{"line":31,"column":16},"end":{"line":31,"column":32}},"loc":{"start":{"line":31,"column":50},"end":{"line":49,"column":1}}},"3":{"name":"validateSeasonName","decl":{"start":{"line":52,"column":16},"end":{"line":52,"column":34}},"loc":{"start":{"line":52,"column":47},"end":{"line":70,"column":1}}},"4":{"name":"validateSeasonDates","decl":{"start":{"line":72,"column":16},"end":{"line":72,"column":35}},"loc":{"start":{"line":72,"column":66},"end":{"line":110,"column":1}}},"5":{"name":"validateAnswer","decl":{"start":{"line":113,"column":16},"end":{"line":113,"column":30}},"loc":{"start":{"line":113,"column":69},"end":{"line":129,"column":1}}},"6":{"name":"validateResponseTime","decl":{"start":{"line":131,"column":16},"end":{"line":131,"column":36}},"loc":{"start":{"line":131,"column":57},"end":{"line":151,"column":1}}},"7":{"name":"validateTimeLeft","decl":{"start":{"line":153,"column":16},"end":{"line":153,"column":32}},"loc":{"start":{"line":153,"column":49},"end":{"line":173,"column":1}}},"8":{"name":"validatePoints","decl":{"start":{"line":175,"column":16},"end":{"line":175,"column":30}},"loc":{"start":{"line":175,"column":45},"end":{"line":197,"column":1}}},"9":{"name":"validateImageNumber","decl":{"start":{"line":200,"column":16},"end":{"line":200,"column":35}},"loc":{"start":{"line":200,"column":55},"end":{"line":221,"column":1}}},"10":{"name":"validateImageOptions","decl":{"start":{"line":223,"column":16},"end":{"line":223,"column":36}},"loc":{"start":{"line":223,"column":109},"end":{"line":256,"column":1}}},"11":{"name":"(anonymous_11)","decl":{"start":{"line":229,"column":18},"end":{"line":229,"column":19}},"loc":{"start":{"line":229,"column":36},"end":{"line":236,"column":3}}},"12":{"name":"(anonymous_12)","decl":{"start":{"line":247,"column":47},"end":{"line":247,"column":50}},"loc":{"start":{"line":247,"column":54},"end":{"line":247,"column":82}}},"13":{"name":"(anonymous_13)","decl":{"start":{"line":248,"column":44},"end":{"line":248,"column":47}},"loc":{"start":{"line":248,"column":51},"end":{"line":248,"column":79}}},"14":{"name":"validateTransactionHash","decl":{"start":{"line":259,"column":16},"end":{"line":259,"column":39}},"loc":{"start":{"line":259,"column":52},"end":{"line":282,"column":1}}},"15":{"name":"validatePagination","decl":{"start":{"line":285,"column":16},"end":{"line":285,"column":34}},"loc":{"start":{"line":285,"column":66},"end":{"line":307,"column":1}}},"16":{"name":"validateGameRequest","decl":{"start":{"line":310,"column":16},"end":{"line":310,"column":35}},"loc":{"start":{"line":310,"column":109},"end":{"line":335,"column":1}}},"17":{"name":"validateAnswerRequest","decl":{"start":{"line":337,"column":16},"end":{"line":337,"column":37}},"loc":{"start":{"line":342,"column":18},"end":{"line":369,"column":1}}},"18":{"name":"sanitizeString","decl":{"start":{"line":372,"column":16},"end":{"line":372,"column":30}},"loc":{"start":{"line":372,"column":44},"end":{"line":375,"column":1}}},"19":{"name":"sanitizeUsername","decl":{"start":{"line":377,"column":16},"end":{"line":377,"column":32}},"loc":{"start":{"line":377,"column":50},"end":{"line":381,"column":1}}},"20":{"name":"sanitizeSeasonName","decl":{"start":{"line":383,"column":16},"end":{"line":383,"column":34}},"loc":{"start":{"line":383,"column":47},"end":{"line":385,"column":1}}}},"branchMap":{"0":{"loc":{"start":{"line":16,"column":2},"end":{"line":18,"column":3}},"type":"if","locations":[{"start":{"line":16,"column":2},"end":{"line":18,"column":3}},{"start":{},"end":{}}]},"1":{"loc":{"start":{"line":20,"column":2},"end":{"line":22,"column":3}},"type":"if","locations":[{"start":{"line":20,"column":2},"end":{"line":22,"column":3}},{"start":{},"end":{}}]},"2":{"loc":{"start":{"line":20,"column":6},"end":{"line":20,"column":54}},"type":"binary-expr","locations":[{"start":{"line":20,"column":6},"end":{"line":20,"column":18}},{"start":{"line":20,"column":22},"end":{"line":20,"column":54}}]},"3":{"loc":{"start":{"line":24,"column":2},"end":{"line":26,"column":3}},"type":"if","locations":[{"start":{"line":24,"column":2},"end":{"line":26,"column":3}},{"start":{},"end":{}}]},"4":{"loc":{"start":{"line":24,"column":6},"end":{"line":24,"column":54}},"type":"binary-expr","locations":[{"start":{"line":24,"column":6},"end":{"line":24,"column":18}},{"start":{"line":24,"column":22},"end":{"line":24,"column":54}}]},"5":{"loc":{"start":{"line":34,"column":2},"end":{"line":46,"column":3}},"type":"if","locations":[{"start":{"line":34,"column":2},"end":{"line":46,"column":3}},{"start":{},"end":{}}]},"6":{"loc":{"start":{"line":35,"column":4},"end":{"line":37,"column":5}},"type":"if","locations":[{"start":{"line":35,"column":4},"end":{"line":37,"column":5}},{"start":{},"end":{}}]},"7":{"loc":{"start":{"line":39,"column":4},"end":{"line":41,"column":5}},"type":"if","locations":[{"start":{"line":39,"column":4},"end":{"line":41,"column":5}},{"start":{},"end":{}}]},"8":{"loc":{"start":{"line":39,"column":8},"end":{"line":39,"column":40}},"type":"binary-expr","locations":[{"start":{"line":39,"column":8},"end":{"line":39,"column":16}},{"start":{"line":39,"column":20},"end":{"line":39,"column":40}}]},"9":{"loc":{"start":{"line":43,"column":4},"end":{"line":45,"column":5}},"type":"if","locations":[{"start":{"line":43,"column":4},"end":{"line":45,"column":5}},{"start":{},"end":{}}]},"10":{"loc":{"start":{"line":43,"column":8},"end":{"line":43,"column":48}},"type":"binary-expr","locations":[{"start":{"line":43,"column":8},"end":{"line":43,"column":16}},{"start":{"line":43,"column":20},"end":{"line":43,"column":48}}]},"11":{"loc":{"start":{"line":55,"column":2},"end":{"line":58,"column":3}},"type":"if","locations":[{"start":{"line":55,"column":2},"end":{"line":58,"column":3}},{"start":{},"end":{}}]},"12":{"loc":{"start":{"line":62,"column":2},"end":{"line":67,"column":3}},"type":"if","locations":[{"start":{"line":62,"column":2},"end":{"line":67,"column":3}},{"start":{},"end":{}}]},"13":{"loc":{"start":{"line":75,"column":2},"end":{"line":77,"column":3}},"type":"if","locations":[{"start":{"line":75,"column":2},"end":{"line":77,"column":3}},{"start":{},"end":{}}]},"14":{"loc":{"start":{"line":79,"column":2},"end":{"line":81,"column":3}},"type":"if","locations":[{"start":{"line":79,"column":2},"end":{"line":81,"column":3}},{"start":{},"end":{}}]},"15":{"loc":{"start":{"line":83,"column":2},"end":{"line":88,"column":3}},"type":"if","locations":[{"start":{"line":83,"column":2},"end":{"line":88,"column":3}},{"start":{},"end":{}}]},"16":{"loc":{"start":{"line":83,"column":6},"end":{"line":83,"column":50}},"type":"binary-expr","locations":[{"start":{"line":83,"column":6},"end":{"line":83,"column":15}},{"start":{"line":83,"column":19},"end":{"line":83,"column":26}},{"start":{"line":83,"column":30},"end":{"line":83,"column":50}}]},"17":{"loc":{"start":{"line":95,"column":2},"end":{"line":100,"column":3}},"type":"if","locations":[{"start":{"line":95,"column":2},"end":{"line":100,"column":3}},{"start":{},"end":{}}]},"18":{"loc":{"start":{"line":95,"column":6},"end":{"line":95,"column":41}},"type":"binary-expr","locations":[{"start":{"line":95,"column":6},"end":{"line":95,"column":15}},{"start":{"line":95,"column":19},"end":{"line":95,"column":41}}]},"19":{"loc":{"start":{"line":102,"column":2},"end":{"line":107,"column":3}},"type":"if","locations":[{"start":{"line":102,"column":2},"end":{"line":107,"column":3}},{"start":{},"end":{}}]},"20":{"loc":{"start":{"line":102,"column":6},"end":{"line":102,"column":42}},"type":"binary-expr","locations":[{"start":{"line":102,"column":6},"end":{"line":102,"column":13}},{"start":{"line":102,"column":17},"end":{"line":102,"column":42}}]},"21":{"loc":{"start":{"line":116,"column":2},"end":{"line":119,"column":3}},"type":"if","locations":[{"start":{"line":116,"column":2},"end":{"line":119,"column":3}},{"start":{},"end":{}}]},"22":{"loc":{"start":{"line":121,"column":2},"end":{"line":126,"column":3}},"type":"if","locations":[{"start":{"line":121,"column":2},"end":{"line":126,"column":3}},{"start":{},"end":{}}]},"23":{"loc":{"start":{"line":134,"column":2},"end":{"line":137,"column":3}},"type":"if","locations":[{"start":{"line":134,"column":2},"end":{"line":137,"column":3}},{"start":{},"end":{}}]},"24":{"loc":{"start":{"line":139,"column":2},"end":{"line":141,"column":3}},"type":"if","locations":[{"start":{"line":139,"column":2},"end":{"line":141,"column":3}},{"start":{},"end":{}}]},"25":{"loc":{"start":{"line":143,"column":2},"end":{"line":148,"column":3}},"type":"if","locations":[{"start":{"line":143,"column":2},"end":{"line":148,"column":3}},{"start":{},"end":{}}]},"26":{"loc":{"start":{"line":156,"column":2},"end":{"line":159,"column":3}},"type":"if","locations":[{"start":{"line":156,"column":2},"end":{"line":159,"column":3}},{"start":{},"end":{}}]},"27":{"loc":{"start":{"line":161,"column":2},"end":{"line":163,"column":3}},"type":"if","locations":[{"start":{"line":161,"column":2},"end":{"line":163,"column":3}},{"start":{},"end":{}}]},"28":{"loc":{"start":{"line":165,"column":2},"end":{"line":170,"column":3}},"type":"if","locations":[{"start":{"line":165,"column":2},"end":{"line":170,"column":3}},{"start":{},"end":{}}]},"29":{"loc":{"start":{"line":178,"column":2},"end":{"line":181,"column":3}},"type":"if","locations":[{"start":{"line":178,"column":2},"end":{"line":181,"column":3}},{"start":{},"end":{}}]},"30":{"loc":{"start":{"line":183,"column":2},"end":{"line":185,"column":3}},"type":"if","locations":[{"start":{"line":183,"column":2},"end":{"line":185,"column":3}},{"start":{},"end":{}}]},"31":{"loc":{"start":{"line":189,"column":2},"end":{"line":194,"column":3}},"type":"if","locations":[{"start":{"line":189,"column":2},"end":{"line":194,"column":3}},{"start":{},"end":{}}]},"32":{"loc":{"start":{"line":203,"column":2},"end":{"line":206,"column":3}},"type":"if","locations":[{"start":{"line":203,"column":2},"end":{"line":206,"column":3}},{"start":{},"end":{}}]},"33":{"loc":{"start":{"line":208,"column":2},"end":{"line":210,"column":3}},"type":"if","locations":[{"start":{"line":208,"column":2},"end":{"line":210,"column":3}},{"start":{},"end":{}}]},"34":{"loc":{"start":{"line":212,"column":2},"end":{"line":214,"column":3}},"type":"if","locations":[{"start":{"line":212,"column":2},"end":{"line":214,"column":3}},{"start":{},"end":{}}]},"35":{"loc":{"start":{"line":216,"column":2},"end":{"line":218,"column":3}},"type":"if","locations":[{"start":{"line":216,"column":2},"end":{"line":218,"column":3}},{"start":{},"end":{}}]},"36":{"loc":{"start":{"line":230,"column":4},"end":{"line":235,"column":5}},"type":"if","locations":[{"start":{"line":230,"column":4},"end":{"line":235,"column":5}},{"start":{},"end":{}}]},"37":{"loc":{"start":{"line":230,"column":8},"end":{"line":230,"column":45}},"type":"binary-expr","locations":[{"start":{"line":230,"column":8},"end":{"line":230,"column":15}},{"start":{"line":230,"column":19},"end":{"line":230,"column":45}}]},"38":{"loc":{"start":{"line":239,"column":2},"end":{"line":244,"column":3}},"type":"if","locations":[{"start":{"line":239,"column":2},"end":{"line":244,"column":3}},{"start":{},"end":{}}]},"39":{"loc":{"start":{"line":239,"column":6},"end":{"line":239,"column":55}},"type":"binary-expr","locations":[{"start":{"line":239,"column":6},"end":{"line":239,"column":19}},{"start":{"line":239,"column":23},"end":{"line":239,"column":55}}]},"40":{"loc":{"start":{"line":247,"column":54},"end":{"line":247,"column":82}},"type":"binary-expr","locations":[{"start":{"line":247,"column":54},"end":{"line":247,"column":57}},{"start":{"line":247,"column":61},"end":{"line":247,"column":82}}]},"41":{"loc":{"start":{"line":248,"column":2},"end":{"line":253,"column":3}},"type":"if","locations":[{"start":{"line":248,"column":2},"end":{"line":253,"column":3}},{"start":{},"end":{}}]},"42":{"loc":{"start":{"line":248,"column":51},"end":{"line":248,"column":79}},"type":"binary-expr","locations":[{"start":{"line":248,"column":51},"end":{"line":248,"column":54}},{"start":{"line":248,"column":58},"end":{"line":248,"column":79}}]},"43":{"loc":{"start":{"line":262,"column":2},"end":{"line":265,"column":3}},"type":"if","locations":[{"start":{"line":262,"column":2},"end":{"line":265,"column":3}},{"start":{},"end":{}}]},"44":{"loc":{"start":{"line":267,"column":2},"end":{"line":270,"column":3}},"type":"if","locations":[{"start":{"line":267,"column":2},"end":{"line":270,"column":3}},{"start":{},"end":{}}]},"45":{"loc":{"start":{"line":274,"column":2},"end":{"line":279,"column":3}},"type":"if","locations":[{"start":{"line":274,"column":2},"end":{"line":279,"column":3}},{"start":{},"end":{}}]},"46":{"loc":{"start":{"line":288,"column":2},"end":{"line":296,"column":3}},"type":"if","locations":[{"start":{"line":288,"column":2},"end":{"line":296,"column":3}},{"start":{},"end":{}}]},"47":{"loc":{"start":{"line":289,"column":4},"end":{"line":295,"column":5}},"type":"if","locations":[{"start":{"line":289,"column":4},"end":{"line":295,"column":5}},{"start":{"line":291,"column":11},"end":{"line":295,"column":5}}]},"48":{"loc":{"start":{"line":289,"column":8},"end":{"line":289,"column":61}},"type":"binary-expr","locations":[{"start":{"line":289,"column":8},"end":{"line":289,"column":33}},{"start":{"line":289,"column":37},"end":{"line":289,"column":61}}]},"49":{"loc":{"start":{"line":291,"column":11},"end":{"line":295,"column":5}},"type":"if","locations":[{"start":{"line":291,"column":11},"end":{"line":295,"column":5}},{"start":{"line":293,"column":11},"end":{"line":295,"column":5}}]},"50":{"loc":{"start":{"line":293,"column":11},"end":{"line":295,"column":5}},"type":"if","locations":[{"start":{"line":293,"column":11},"end":{"line":295,"column":5}},{"start":{},"end":{}}]},"51":{"loc":{"start":{"line":298,"column":2},"end":{"line":304,"column":3}},"type":"if","locations":[{"start":{"line":298,"column":2},"end":{"line":304,"column":3}},{"start":{},"end":{}}]},"52":{"loc":{"start":{"line":299,"column":4},"end":{"line":303,"column":5}},"type":"if","locations":[{"start":{"line":299,"column":4},"end":{"line":303,"column":5}},{"start":{"line":301,"column":11},"end":{"line":303,"column":5}}]},"53":{"loc":{"start":{"line":299,"column":8},"end":{"line":299,"column":63}},"type":"binary-expr","locations":[{"start":{"line":299,"column":8},"end":{"line":299,"column":34}},{"start":{"line":299,"column":38},"end":{"line":299,"column":63}}]},"54":{"loc":{"start":{"line":301,"column":11},"end":{"line":303,"column":5}},"type":"if","locations":[{"start":{"line":301,"column":11},"end":{"line":303,"column":5}},{"start":{},"end":{}}]},"55":{"loc":{"start":{"line":318,"column":2},"end":{"line":321,"column":3}},"type":"if","locations":[{"start":{"line":318,"column":2},"end":{"line":321,"column":3}},{"start":{},"end":{}}]},"56":{"loc":{"start":{"line":324,"column":2},"end":{"line":327,"column":3}},"type":"if","locations":[{"start":{"line":324,"column":2},"end":{"line":327,"column":3}},{"start":{},"end":{}}]},"57":{"loc":{"start":{"line":330,"column":2},"end":{"line":332,"column":3}},"type":"if","locations":[{"start":{"line":330,"column":2},"end":{"line":332,"column":3}},{"start":{},"end":{}}]},"58":{"loc":{"start":{"line":330,"column":6},"end":{"line":330,"column":63}},"type":"binary-expr","locations":[{"start":{"line":330,"column":6},"end":{"line":330,"column":29}},{"start":{"line":330,"column":33},"end":{"line":330,"column":63}}]},"59":{"loc":{"start":{"line":351,"column":2},"end":{"line":353,"column":3}},"type":"if","locations":[{"start":{"line":351,"column":2},"end":{"line":353,"column":3}},{"start":{},"end":{}}]},"60":{"loc":{"start":{"line":351,"column":6},"end":{"line":351,"column":78}},"type":"binary-expr","locations":[{"start":{"line":351,"column":6},"end":{"line":351,"column":33}},{"start":{"line":351,"column":37},"end":{"line":351,"column":63}},{"start":{"line":351,"column":67},"end":{"line":351,"column":78}}]},"61":{"loc":{"start":{"line":360,"column":2},"end":{"line":362,"column":3}},"type":"if","locations":[{"start":{"line":360,"column":2},"end":{"line":362,"column":3}},{"start":{},"end":{}}]},"62":{"loc":{"start":{"line":360,"column":6},"end":{"line":360,"column":73}},"type":"binary-expr","locations":[{"start":{"line":360,"column":6},"end":{"line":360,"column":13}},{"start":{"line":360,"column":17},"end":{"line":360,"column":43}},{"start":{"line":360,"column":47},"end":{"line":360,"column":73}}]},"63":{"loc":{"start":{"line":373,"column":2},"end":{"line":373,"column":43}},"type":"if","locations":[{"start":{"line":373,"column":2},"end":{"line":373,"column":43}},{"start":{},"end":{}}]},"64":{"loc":{"start":{"line":378,"column":2},"end":{"line":378,"column":34}},"type":"if","locations":[{"start":{"line":378,"column":2},"end":{"line":378,"column":34}},{"start":{},"end":{}}]},"65":{"loc":{"start":{"line":380,"column":9},"end":{"line":380,"column":53}},"type":"cond-expr","locations":[{"start":{"line":380,"column":32},"end":{"line":380,"column":41}},{"start":{"line":380,"column":44},"end":{"line":380,"column":53}}]}},"s":{"0":2,"1":52,"2":8,"3":8,"4":2,"5":8,"6":0,"7":8,"8":1,"9":8,"10":2,"11":6,"12":6,"13":5,"14":0,"15":5,"16":1,"17":5,"18":1,"19":6,"20":2,"21":6,"22":6,"23":1,"24":1,"25":5,"26":5,"27":2,"28":5,"29":2,"30":3,"31":3,"32":0,"33":3,"34":0,"35":3,"36":1,"37":3,"38":3,"39":3,"40":3,"41":1,"42":3,"43":0,"44":3,"45":2,"46":3,"47":3,"48":1,"49":1,"50":2,"51":1,"52":2,"53":2,"54":3,"55":3,"56":0,"57":0,"58":3,"59":1,"60":3,"61":1,"62":3,"63":2,"64":4,"65":4,"66":0,"67":0,"68":4,"69":2,"70":4,"71":0,"72":4,"73":2,"74":3,"75":3,"76":0,"77":0,"78":3,"79":1,"80":3,"81":3,"82":1,"83":3,"84":2,"85":3,"86":3,"87":0,"88":0,"89":3,"90":0,"91":3,"92":1,"93":3,"94":1,"95":3,"96":2,"97":3,"98":3,"99":3,"100":9,"101":0,"102":3,"103":1,"104":3,"105":9,"106":3,"107":9,"108":1,"109":3,"110":2,"111":3,"112":3,"113":1,"114":1,"115":2,"116":0,"117":0,"118":2,"119":2,"120":1,"121":2,"122":2,"123":3,"124":3,"125":3,"126":0,"127":3,"128":0,"129":3,"130":1,"131":3,"132":3,"133":0,"134":3,"135":1,"136":3,"137":2,"138":2,"139":2,"140":2,"141":2,"142":1,"143":1,"144":2,"145":1,"146":1,"147":2,"148":0,"149":2,"150":2,"151":2,"152":2,"153":2,"154":2,"155":1,"156":2,"157":2,"158":2,"159":1,"160":2,"161":2,"162":2,"163":2,"164":6,"165":0,"166":6,"167":2,"168":2,"169":0,"170":2,"171":2,"172":2,"173":1,"174":2},"f":{"0":52,"1":8,"2":6,"3":6,"4":3,"5":3,"6":3,"7":4,"8":3,"9":3,"10":3,"11":9,"12":9,"13":9,"14":3,"15":3,"16":2,"17":2,"18":6,"19":2,"20":1},"b":{"0":[2,6],"1":[0,8],"2":[8,6],"3":[1,7],"4":[8,6],"5":[5,1],"6":[0,5],"7":[1,4],"8":[5,5],"9":[1,4],"10":[5,5],"11":[1,5],"12":[2,3],"13":[0,3],"14":[0,3],"15":[1,2],"16":[3,3,3],"17":[1,2],"18":[3,3],"19":[0,3],"20":[3,3],"21":[1,2],"22":[1,1],"23":[0,3],"24":[1,2],"25":[1,2],"26":[0,4],"27":[2,2],"28":[0,4],"29":[0,3],"30":[1,2],"31":[1,2],"32":[0,3],"33":[0,3],"34":[1,2],"35":[1,2],"36":[0,9],"37":[9,9],"38":[1,2],"39":[3,3],"40":[9,9],"41":[1,2],"42":[9,9],"43":[1,2],"44":[0,2],"45":[1,1],"46":[3,0],"47":[0,3],"48":[3,3],"49":[0,3],"50":[1,2],"51":[3,0],"52":[0,3],"53":[3,3],"54":[1,2],"55":[1,1],"56":[1,1],"57":[0,2],"58":[2,1],"59":[1,1],"60":[2,2,2],"61":[1,1],"62":[2,1,1],"63":[0,6],"64":[0,2],"65":[1,1]}}
}
