TN:
SF:src/lib/config.ts
FNF:0
FNH:0
DA:2,0
DA:7,0
DA:27,0
DA:84,0
DA:100,0
LF:5
LH:0
BRF:0
BRH:0
end_of_record
TN:
SF:src/lib/contracts.ts
FNF:0
FNH:0
DA:1,0
DA:3,0
DA:4,0
DA:6,0
LF:4
LH:0
BRF:0
BRH:0
end_of_record
TN:
SF:src/lib/database.ts
FN:13,(anonymous_0)
FN:21,(anonymous_1)
FN:35,(anonymous_2)
FN:70,(anonymous_3)
FN:86,(anonymous_4)
FN:94,(anonymous_5)
FN:104,(anonymous_6)
FN:127,(anonymous_7)
FN:139,(anonymous_8)
FN:166,(anonymous_9)
FN:172,(anonymous_10)
FN:179,(anonymous_11)
FN:189,(anonymous_12)
FN:203,(anonymous_13)
FN:214,(anonymous_14)
FN:247,(anonymous_15)
FN:260,(anonymous_16)
FN:275,(anonymous_17)
FN:287,(anonymous_18)
FN:295,(anonymous_19)
FN:307,(anonymous_20)
FN:316,(anonymous_21)
FN:326,(anonymous_22)
FN:337,(anonymous_23)
FN:346,(anonymous_24)
FN:357,(anonymous_25)
FN:364,(anonymous_26)
FN:387,(anonymous_27)
FN:392,(anonymous_28)
FNF:29
FNH:19
FNDA:2,(anonymous_0)
FNDA:1,(anonymous_1)
FNDA:0,(anonymous_2)
FNDA:1,(anonymous_3)
FNDA:2,(anonymous_4)
FNDA:1,(anonymous_5)
FNDA:2,(anonymous_6)
FNDA:0,(anonymous_7)
FNDA:2,(anonymous_8)
FNDA:2,(anonymous_9)
FNDA:1,(anonymous_10)
FNDA:1,(anonymous_11)
FNDA:1,(anonymous_12)
FNDA:1,(anonymous_13)
FNDA:2,(anonymous_14)
FNDA:1,(anonymous_15)
FNDA:1,(anonymous_16)
FNDA:2,(anonymous_17)
FNDA:0,(anonymous_18)
FNDA:0,(anonymous_19)
FNDA:0,(anonymous_20)
FNDA:0,(anonymous_21)
FNDA:0,(anonymous_22)
FNDA:0,(anonymous_23)
FNDA:0,(anonymous_24)
FNDA:0,(anonymous_25)
FNDA:3,(anonymous_26)
FNDA:3,(anonymous_27)
FNDA:2,(anonymous_28)
DA:1,1
DA:7,1
DA:9,1
DA:12,1
DA:14,2
DA:18,2
DA:22,1
DA:32,1
DA:37,0
DA:38,0
DA:44,0
DA:47,0
DA:48,0
DA:54,0
DA:57,0
DA:58,0
DA:64,0
DA:67,0
DA:71,1
DA:80,1
DA:85,1
DA:87,2
DA:91,2
DA:95,1
DA:101,1
DA:105,2
DA:107,2
DA:124,2
DA:128,0
DA:133,0
DA:138,1
DA:144,2
DA:166,2
DA:173,1
DA:176,1
DA:180,1
DA:183,1
DA:188,1
DA:190,1
DA:200,1
DA:204,1
DA:211,1
DA:215,2
DA:236,2
DA:237,2
DA:246,1
DA:248,1
DA:257,1
DA:261,1
DA:272,1
DA:276,2
DA:281,2
DA:286,1
DA:288,0
DA:296,0
DA:301,0
DA:306,1
DA:308,0
DA:313,0
DA:317,0
DA:323,0
DA:327,0
DA:336,1
DA:338,0
DA:343,0
DA:347,0
DA:354,0
DA:358,0
DA:363,1
DA:370,3
DA:371,3
DA:373,3
DA:374,1
DA:384,2
DA:388,3
DA:389,2
DA:404,2
DA:405,2
DA:406,1
DA:409,1
DA:410,1
DA:411,1
DA:414,1
DA:417,1
DA:427,1
DA:428,1
DA:431,1
LF:87
LH:62
BRDA:18,0,0,2
BRDA:18,0,1,1
BRDA:24,1,0,1
BRDA:24,1,1,0
BRDA:37,2,0,0
BRDA:37,2,1,0
BRDA:44,3,0,0
BRDA:44,3,1,0
BRDA:47,4,0,0
BRDA:47,4,1,0
BRDA:54,5,0,0
BRDA:54,5,1,0
BRDA:57,6,0,0
BRDA:57,6,1,0
BRDA:64,7,0,0
BRDA:64,7,1,0
BRDA:73,8,0,1
BRDA:73,8,1,0
BRDA:91,9,0,2
BRDA:91,9,1,1
BRDA:101,10,0,1
BRDA:101,10,1,0
BRDA:104,11,0,1
BRDA:105,12,0,1
BRDA:105,13,0,1
BRDA:142,14,0,0
BRDA:176,15,0,1
BRDA:176,15,1,0
BRDA:203,16,0,1
BRDA:236,17,0,2
BRDA:236,17,1,1
BRDA:260,18,0,0
BRDA:281,19,0,2
BRDA:281,19,1,1
BRDA:281,20,0,1
BRDA:281,20,1,1
BRDA:281,21,0,2
BRDA:281,21,1,2
BRDA:364,22,0,0
BRDA:371,23,0,1
BRDA:371,23,1,2
BRDA:373,24,0,1
BRDA:373,24,1,2
BRDA:376,25,0,0
BRDA:376,25,1,1
BRDA:388,26,0,1
BRDA:388,26,1,2
BRDA:405,27,0,1
BRDA:405,27,1,1
BRDA:427,28,0,1
BRDA:427,28,1,0
BRDA:427,29,0,1
BRDA:427,29,1,1
BRF:53
BRH:32
end_of_record
TN:
SF:src/lib/db.ts
FNF:0
FNH:0
DA:1,0
DA:3,0
DA:5,0
LF:3
LH:0
BRF:0
BRH:0
end_of_record
TN:
SF:src/lib/og-utils.ts
FN:1,loadGoogleFont
FN:20,loadImage
FNF:2
FNH:0
FNDA:0,loadGoogleFont
FNDA:0,loadImage
DA:1,0
DA:2,0
DA:5,0
DA:6,0
DA:10,0
DA:11,0
DA:12,0
DA:13,0
DA:17,0
DA:20,0
DA:21,0
DA:23,0
DA:24,0
DA:27,0
LF:14
LH:0
BRDA:10,0,0,0
BRDA:10,0,1,0
BRDA:12,1,0,0
BRDA:12,1,1,0
BRDA:23,2,0,0
BRDA:23,2,1,0
BRF:6
BRH:0
end_of_record
TN:
SF:src/lib/types.ts
FN:139,(anonymous_0)
FN:149,(anonymous_1)
FNF:2
FNH:2
FNDA:3,(anonymous_0)
FNDA:3,(anonymous_1)
DA:139,3
DA:140,3
DA:141,3
DA:142,3
DA:143,3
DA:144,3
DA:145,3
DA:146,3
DA:149,3
DA:150,3
DA:151,3
DA:152,3
DA:153,3
DA:154,3
LF:14
LH:14
BRDA:139,0,0,3
BRDA:139,0,1,3
BRDA:149,1,0,3
BRDA:149,1,1,3
BRF:4
BRH:4
end_of_record
TN:
SF:src/lib/validations.ts
FN:5,createValidationResult
FN:13,validateFarcasterId
FN:31,validateUsername
FN:52,validateSeasonName
FN:72,validateSeasonDates
FN:113,validateAnswer
FN:131,validateResponseTime
FN:153,validateTimeLeft
FN:175,validatePoints
FN:200,validateImageNumber
FN:223,validateImageOptions
FN:229,(anonymous_11)
FN:247,(anonymous_12)
FN:248,(anonymous_13)
FN:259,validateTransactionHash
FN:285,validatePagination
FN:310,validateGameRequest
FN:337,validateAnswerRequest
FN:372,sanitizeString
FN:377,sanitizeUsername
FN:383,sanitizeSeasonName
FNF:21
FNH:21
FNDA:52,createValidationResult
FNDA:8,validateFarcasterId
FNDA:6,validateUsername
FNDA:6,validateSeasonName
FNDA:3,validateSeasonDates
FNDA:3,validateAnswer
FNDA:3,validateResponseTime
FNDA:4,validateTimeLeft
FNDA:3,validatePoints
FNDA:3,validateImageNumber
FNDA:3,validateImageOptions
FNDA:9,(anonymous_11)
FNDA:9,(anonymous_12)
FNDA:9,(anonymous_13)
FNDA:3,validateTransactionHash
FNDA:3,validatePagination
FNDA:2,validateGameRequest
FNDA:2,validateAnswerRequest
FNDA:6,sanitizeString
FNDA:2,sanitizeUsername
FNDA:1,sanitizeSeasonName
DA:2,2
DA:6,52
DA:13,2
DA:14,8
DA:16,8
DA:17,2
DA:20,8
DA:21,0
DA:24,8
DA:25,1
DA:28,8
DA:31,2
DA:32,6
DA:34,6
DA:35,5
DA:36,0
DA:39,5
DA:40,1
DA:43,5
DA:44,1
DA:48,6
DA:52,2
DA:53,6
DA:55,6
DA:56,1
DA:57,1
DA:61,5
DA:62,5
DA:63,2
DA:69,5
DA:72,2
DA:73,3
DA:75,3
DA:76,0
DA:79,3
DA:80,0
DA:83,3
DA:84,1
DA:91,3
DA:92,3
DA:93,3
DA:95,3
DA:96,1
DA:102,3
DA:103,0
DA:109,3
DA:113,2
DA:114,3
DA:116,3
DA:117,1
DA:118,1
DA:121,2
DA:122,1
DA:128,2
DA:131,2
DA:132,3
DA:134,3
DA:135,0
DA:136,0
DA:139,3
DA:140,1
DA:143,3
DA:144,1
DA:150,3
DA:153,2
DA:154,4
DA:156,4
DA:157,0
DA:158,0
DA:161,4
DA:162,2
DA:165,4
DA:166,0
DA:172,4
DA:175,2
DA:176,3
DA:178,3
DA:179,0
DA:180,0
DA:183,3
DA:184,1
DA:188,3
DA:189,3
DA:190,1
DA:196,3
DA:200,2
DA:201,3
DA:203,3
DA:204,0
DA:205,0
DA:208,3
DA:209,0
DA:212,3
DA:213,1
DA:216,3
DA:217,1
DA:220,3
DA:223,2
DA:224,3
DA:226,3
DA:229,3
DA:230,9
DA:231,0
DA:239,3
DA:240,1
DA:247,9
DA:248,9
DA:249,1
DA:255,3
DA:259,2
DA:260,3
DA:262,3
DA:263,1
DA:264,1
DA:267,2
DA:268,0
DA:269,0
DA:273,2
DA:274,2
DA:275,1
DA:281,2
DA:285,2
DA:286,3
DA:288,3
DA:289,3
DA:290,0
DA:291,3
DA:292,0
DA:293,3
DA:294,1
DA:298,3
DA:299,3
DA:300,0
DA:301,3
DA:302,1
DA:306,3
DA:310,2
DA:311,2
DA:314,2
DA:315,2
DA:318,2
DA:319,1
DA:320,1
DA:324,2
DA:325,1
DA:326,1
DA:330,2
DA:331,0
DA:334,2
DA:337,2
DA:344,2
DA:347,2
DA:348,2
DA:351,2
DA:352,1
DA:356,2
DA:357,2
DA:360,2
DA:361,1
DA:365,2
DA:366,2
DA:368,2
DA:372,2
DA:373,6
DA:374,6
DA:377,2
DA:378,2
DA:379,2
DA:380,2
DA:383,2
DA:384,1
LF:171
LH:149
BRDA:16,0,0,2
BRDA:16,0,1,6
BRDA:20,1,0,0
BRDA:20,1,1,8
BRDA:20,2,0,8
BRDA:20,2,1,6
BRDA:24,3,0,1
BRDA:24,3,1,7
BRDA:24,4,0,8
BRDA:24,4,1,6
BRDA:34,5,0,5
BRDA:34,5,1,1
BRDA:35,6,0,0
BRDA:35,6,1,5
BRDA:39,7,0,1
BRDA:39,7,1,4
BRDA:39,8,0,5
BRDA:39,8,1,5
BRDA:43,9,0,1
BRDA:43,9,1,4
BRDA:43,10,0,5
BRDA:43,10,1,5
BRDA:55,11,0,1
BRDA:55,11,1,5
BRDA:62,12,0,2
BRDA:62,12,1,3
BRDA:75,13,0,0
BRDA:75,13,1,3
BRDA:79,14,0,0
BRDA:79,14,1,3
BRDA:83,15,0,1
BRDA:83,15,1,2
BRDA:83,16,0,3
BRDA:83,16,1,3
BRDA:83,16,2,3
BRDA:95,17,0,1
BRDA:95,17,1,2
BRDA:95,18,0,3
BRDA:95,18,1,3
BRDA:102,19,0,0
BRDA:102,19,1,3
BRDA:102,20,0,3
BRDA:102,20,1,3
BRDA:116,21,0,1
BRDA:116,21,1,2
BRDA:121,22,0,1
BRDA:121,22,1,1
BRDA:134,23,0,0
BRDA:134,23,1,3
BRDA:139,24,0,1
BRDA:139,24,1,2
BRDA:143,25,0,1
BRDA:143,25,1,2
BRDA:156,26,0,0
BRDA:156,26,1,4
BRDA:161,27,0,2
BRDA:161,27,1,2
BRDA:165,28,0,0
BRDA:165,28,1,4
BRDA:178,29,0,0
BRDA:178,29,1,3
BRDA:183,30,0,1
BRDA:183,30,1,2
BRDA:189,31,0,1
BRDA:189,31,1,2
BRDA:203,32,0,0
BRDA:203,32,1,3
BRDA:208,33,0,0
BRDA:208,33,1,3
BRDA:212,34,0,1
BRDA:212,34,1,2
BRDA:216,35,0,1
BRDA:216,35,1,2
BRDA:230,36,0,0
BRDA:230,36,1,9
BRDA:230,37,0,9
BRDA:230,37,1,9
BRDA:239,38,0,1
BRDA:239,38,1,2
BRDA:239,39,0,3
BRDA:239,39,1,3
BRDA:247,40,0,9
BRDA:247,40,1,9
BRDA:248,41,0,1
BRDA:248,41,1,2
BRDA:248,42,0,9
BRDA:248,42,1,9
BRDA:262,43,0,1
BRDA:262,43,1,2
BRDA:267,44,0,0
BRDA:267,44,1,2
BRDA:274,45,0,1
BRDA:274,45,1,1
BRDA:288,46,0,3
BRDA:288,46,1,0
BRDA:289,47,0,0
BRDA:289,47,1,3
BRDA:289,48,0,3
BRDA:289,48,1,3
BRDA:291,49,0,0
BRDA:291,49,1,3
BRDA:293,50,0,1
BRDA:293,50,1,2
BRDA:298,51,0,3
BRDA:298,51,1,0
BRDA:299,52,0,0
BRDA:299,52,1,3
BRDA:299,53,0,3
BRDA:299,53,1,3
BRDA:301,54,0,1
BRDA:301,54,1,2
BRDA:318,55,0,1
BRDA:318,55,1,1
BRDA:324,56,0,1
BRDA:324,56,1,1
BRDA:330,57,0,0
BRDA:330,57,1,2
BRDA:330,58,0,2
BRDA:330,58,1,1
BRDA:351,59,0,1
BRDA:351,59,1,1
BRDA:351,60,0,2
BRDA:351,60,1,2
BRDA:351,60,2,2
BRDA:360,61,0,1
BRDA:360,61,1,1
BRDA:360,62,0,2
BRDA:360,62,1,1
BRDA:360,62,2,1
BRDA:373,63,0,0
BRDA:373,63,1,6
BRDA:378,64,0,0
BRDA:378,64,1,2
BRDA:380,65,0,1
BRDA:380,65,1,1
BRF:135
BRH:114
end_of_record
